Log file opened on Thu Nov 22 09:16:17 2018
Host: lightning  pid: 31822  rank ID: 0  number of ranks:  1
                      :-) GROMACS - gmx mdrun, 2018.1 (-:

                            GROMACS is written by:
     Emile Apol      Rossen Apostolov      Paul Bauer     Herman J.C. Berendsen
    Par Bjelkmar    Aldert van Buuren   Rudi van Drunen     Anton Feenstra  
  Gerrit Groenhof    Aleksei Iupinov   Christoph Junghans   Anca Hamuraru   
 Vincent Hindriksen Dimitrios Karkoulis    Peter Kasson        Jiri Kraus    
  Carsten Kutzner      Per Larsson      Justin A. Lemkul    Viveca Lindahl  
  Magnus Lundborg   Pieter Meulenhoff    Erik Marklund      Teemu Murtola   
    Szilard Pall       Sander Pronk      Roland Schulz     Alexey Shvetsov  
   Michael Shirts     Alfons Sijbers     Peter Tieleman    Teemu Virolainen 
 Christian Wennberg    Maarten Wolf   
                           and the project leaders:
        Mark Abraham, Berk Hess, Erik Lindahl, and David van der Spoel

Copyright (c) 1991-2000, University of Groningen, The Netherlands.
Copyright (c) 2001-2017, The GROMACS development team at
Uppsala University, Stockholm University and
the Royal Institute of Technology, Sweden.
check out http://www.gromacs.org for more information.

GROMACS is free software; you can redistribute it and/or modify it
under the terms of the GNU Lesser General Public License
as published by the Free Software Foundation; either version 2.1
of the License, or (at your option) any later version.

GROMACS:      gmx mdrun, version 2018.1
Executable:   /usr/bin/gmx
Data prefix:  /usr
Working dir:  /home/aureavm/Desktop/unacloud/gromacs/lyzozyme
Command line:
  gmx mdrun -deffnm npt

GROMACS version:    2018.1
Precision:          single
Memory model:       64 bit
MPI library:        thread_mpi
OpenMP support:     enabled (GMX_OPENMP_MAX_THREADS = 64)
GPU support:        disabled
SIMD instructions:  SSE2
FFT library:        fftw-3.3.7-sse2-avx
RDTSCP usage:       disabled
TNG support:        enabled
Hwloc support:      hwloc-1.11.6
Tracing support:    disabled
Built on:           2018-03-31 17:12:46
Built by:           buildd@debian [CMAKE]
Build OS/arch:      Linux x86_64
Build CPU vendor:   Intel
Build CPU brand:    Westmere E56xx/L56xx/X56xx (Nehalem-C)
Build CPU family:   6   Model: 44   Stepping: 1
Build CPU features: aes apic clfsh cmov cx8 cx16 intel lahf mmx msr pcid pclmuldq pdpe1gb popcnt pse rdtscp sse2 sse3 sse4.1 sse4.2 ssse3 x2apic
C compiler:         /usr/bin/cc GNU 7.3.0
C compiler flags:    -msse2   -g -O2 -fdebug-prefix-map=/build/gromacs-Fqu8ou/gromacs-2018.1=. -fstack-protector-strong -Wformat -Werror=format-security -Wdate-time -D_FORTIFY_SOURCE=2  -O3 -DNDEBUG -funroll-all-loops -fexcess-precision=fast  
C++ compiler:       /usr/bin/c++ GNU 7.3.0
C++ compiler flags:  -msse2   -g -O2 -fdebug-prefix-map=/build/gromacs-Fqu8ou/gromacs-2018.1=. -fstack-protector-strong -Wformat -Werror=format-security -Wdate-time -D_FORTIFY_SOURCE=2 -std=c++11   -O3 -DNDEBUG -funroll-all-loops -fexcess-precision=fast  


Running on 1 node with total 2 cores, 4 logical cores
Hardware detected:
  CPU info:
    Vendor: Intel
    Brand:  Intel(R) Core(TM) i5-3210M CPU @ 2.50GHz
    Family: 6   Model: 58   Stepping: 9
    Features: apic avx clfsh cmov cx8 cx16 f16c htt intel lahf mmx msr nonstop_tsc pcid pclmuldq pdcm popcnt pse rdrnd rdtscp sse2 sse3 sse4.1 sse4.2 ssse3 tdt x2apic
  Hardware topology: Full, with devices
    Sockets, cores, and logical processors:
      Socket  0: [   0   1] [   2   3]
    Numa nodes:
      Node  0 (8053161984 bytes mem):   0   1   2   3
      Latency:
               0
         0  1.00
    Caches:
      L1: 32768 bytes, linesize 64 bytes, assoc. 8, shared 2 ways
      L2: 262144 bytes, linesize 64 bytes, assoc. 8, shared 2 ways
      L3: 3145728 bytes, linesize 64 bytes, assoc. 12, shared 4 ways
    PCI devices:
      0000:01:00.0  Id: 10de:0fd1  Class: 0x0300  Numa: 0
      0000:00:02.0  Id: 8086:0166  Class: 0x0300  Numa: 0
      0000:02:00.0  Id: 168c:0032  Class: 0x0280  Numa: 0
      0000:03:00.0  Id: 10ec:8168  Class: 0x0200  Numa: 0
      0000:00:1f.2  Id: 8086:1e03  Class: 0x0106  Numa: 0

Highest SIMD level requested by all nodes in run: AVX_256
SIMD instructions selected at compile time:       SSE2
This program was compiled for different hardware than you are running on,
which could influence performance.
The current CPU can measure timings more accurately than the code in
gmx mdrun was configured to use. This might affect your simulation
speed as accurate timings are needed for load-balancing.
Please consider rebuilding gmx mdrun with the GMX_USE_RDTSCP=ON CMake option.

++++ PLEASE READ AND CITE THE FOLLOWING REFERENCE ++++
M. J. Abraham, T. Murtola, R. Schulz, S. Páll, J. C. Smith, B. Hess, E.
Lindahl
GROMACS: High performance molecular simulations through multi-level
parallelism from laptops to supercomputers
SoftwareX 1 (2015) pp. 19-25
-------- -------- --- Thank You --- -------- --------


++++ PLEASE READ AND CITE THE FOLLOWING REFERENCE ++++
S. Páll, M. J. Abraham, C. Kutzner, B. Hess, E. Lindahl
Tackling Exascale Software Challenges in Molecular Dynamics Simulations with
GROMACS
In S. Markidis & E. Laure (Eds.), Solving Software Challenges for Exascale 8759 (2015) pp. 3-27
-------- -------- --- Thank You --- -------- --------


++++ PLEASE READ AND CITE THE FOLLOWING REFERENCE ++++
S. Pronk, S. Páll, R. Schulz, P. Larsson, P. Bjelkmar, R. Apostolov, M. R.
Shirts, J. C. Smith, P. M. Kasson, D. van der Spoel, B. Hess, and E. Lindahl
GROMACS 4.5: a high-throughput and highly parallel open source molecular
simulation toolkit
Bioinformatics 29 (2013) pp. 845-54
-------- -------- --- Thank You --- -------- --------


++++ PLEASE READ AND CITE THE FOLLOWING REFERENCE ++++
B. Hess and C. Kutzner and D. van der Spoel and E. Lindahl
GROMACS 4: Algorithms for highly efficient, load-balanced, and scalable
molecular simulation
J. Chem. Theory Comput. 4 (2008) pp. 435-447
-------- -------- --- Thank You --- -------- --------


++++ PLEASE READ AND CITE THE FOLLOWING REFERENCE ++++
D. van der Spoel, E. Lindahl, B. Hess, G. Groenhof, A. E. Mark and H. J. C.
Berendsen
GROMACS: Fast, Flexible and Free
J. Comp. Chem. 26 (2005) pp. 1701-1719
-------- -------- --- Thank You --- -------- --------


++++ PLEASE READ AND CITE THE FOLLOWING REFERENCE ++++
E. Lindahl and B. Hess and D. van der Spoel
GROMACS 3.0: A package for molecular simulation and trajectory analysis
J. Mol. Mod. 7 (2001) pp. 306-317
-------- -------- --- Thank You --- -------- --------


++++ PLEASE READ AND CITE THE FOLLOWING REFERENCE ++++
H. J. C. Berendsen, D. van der Spoel and R. van Drunen
GROMACS: A message-passing parallel molecular dynamics implementation
Comp. Phys. Comm. 91 (1995) pp. 43-56
-------- -------- --- Thank You --- -------- --------

Input Parameters:
   integrator                     = md
   tinit                          = 0
   dt                             = 0.002
   nsteps                         = 50000
   init-step                      = 0
   simulation-part                = 1
   comm-mode                      = Linear
   nstcomm                        = 100
   bd-fric                        = 0
   ld-seed                        = 1365694203
   emtol                          = 10
   emstep                         = 0.01
   niter                          = 20
   fcstep                         = 0
   nstcgsteep                     = 1000
   nbfgscorr                      = 10
   rtpi                           = 0.05
   nstxout                        = 500
   nstvout                        = 500
   nstfout                        = 0
   nstlog                         = 500
   nstcalcenergy                  = 100
   nstenergy                      = 500
   nstxout-compressed             = 0
   compressed-x-precision         = 1000
   cutoff-scheme                  = Verlet
   nstlist                        = 10
   ns-type                        = Grid
   pbc                            = xyz
   periodic-molecules             = false
   verlet-buffer-tolerance        = 0.005
   rlist                          = 1
   coulombtype                    = PME
   coulomb-modifier               = Potential-shift
   rcoulomb-switch                = 0
   rcoulomb                       = 1
   epsilon-r                      = 1
   epsilon-rf                     = inf
   vdw-type                       = Cut-off
   vdw-modifier                   = Potential-shift
   rvdw-switch                    = 0
   rvdw                           = 1
   DispCorr                       = EnerPres
   table-extension                = 1
   fourierspacing                 = 0.16
   fourier-nx                     = 44
   fourier-ny                     = 44
   fourier-nz                     = 44
   pme-order                      = 4
   ewald-rtol                     = 1e-05
   ewald-rtol-lj                  = 0.001
   lj-pme-comb-rule               = Geometric
   ewald-geometry                 = 0
   epsilon-surface                = 0
   implicit-solvent               = No
   gb-algorithm                   = Still
   nstgbradii                     = 1
   rgbradii                       = 1
   gb-epsilon-solvent             = 80
   gb-saltconc                    = 0
   gb-obc-alpha                   = 1
   gb-obc-beta                    = 0.8
   gb-obc-gamma                   = 4.85
   gb-dielectric-offset           = 0.009
   sa-algorithm                   = Ace-approximation
   sa-surface-tension             = 2.05016
   tcoupl                         = V-rescale
   nsttcouple                     = 10
   nh-chain-length                = 0
   print-nose-hoover-chain-variables = false
   pcoupl                         = Parrinello-Rahman
   pcoupltype                     = Isotropic
   nstpcouple                     = 10
   tau-p                          = 2
   compressibility (3x3):
      compressibility[    0]={ 4.50000e-05,  0.00000e+00,  0.00000e+00}
      compressibility[    1]={ 0.00000e+00,  4.50000e-05,  0.00000e+00}
      compressibility[    2]={ 0.00000e+00,  0.00000e+00,  4.50000e-05}
   ref-p (3x3):
      ref-p[    0]={ 1.00000e+00,  0.00000e+00,  0.00000e+00}
      ref-p[    1]={ 0.00000e+00,  1.00000e+00,  0.00000e+00}
      ref-p[    2]={ 0.00000e+00,  0.00000e+00,  1.00000e+00}
   refcoord-scaling               = COM
   posres-com (3):
      posres-com[0]= 4.97305e-01
      posres-com[1]= 5.02070e-01
      posres-com[2]= 4.99952e-01
   posres-comB (3):
      posres-comB[0]= 4.97305e-01
      posres-comB[1]= 5.02070e-01
      posres-comB[2]= 4.99952e-01
   QMMM                           = false
   QMconstraints                  = 0
   QMMMscheme                     = 0
   MMChargeScaleFactor            = 1
qm-opts:
   ngQM                           = 0
   constraint-algorithm           = Lincs
   continuation                   = true
   Shake-SOR                      = false
   shake-tol                      = 0.0001
   lincs-order                    = 4
   lincs-iter                     = 1
   lincs-warnangle                = 30
   nwall                          = 0
   wall-type                      = 9-3
   wall-r-linpot                  = -1
   wall-atomtype[0]               = -1
   wall-atomtype[1]               = -1
   wall-density[0]                = 0
   wall-density[1]                = 0
   wall-ewald-zfac                = 3
   pull                           = false
   awh                            = false
   rotation                       = false
   interactiveMD                  = false
   disre                          = No
   disre-weighting                = Conservative
   disre-mixed                    = false
   dr-fc                          = 1000
   dr-tau                         = 0
   nstdisreout                    = 100
   orire-fc                       = 0
   orire-tau                      = 0
   nstorireout                    = 100
   free-energy                    = no
   cos-acceleration               = 0
   deform (3x3):
      deform[    0]={ 0.00000e+00,  0.00000e+00,  0.00000e+00}
      deform[    1]={ 0.00000e+00,  0.00000e+00,  0.00000e+00}
      deform[    2]={ 0.00000e+00,  0.00000e+00,  0.00000e+00}
   simulated-tempering            = false
   swapcoords                     = no
   userint1                       = 0
   userint2                       = 0
   userint3                       = 0
   userint4                       = 0
   userreal1                      = 0
   userreal2                      = 0
   userreal3                      = 0
   userreal4                      = 0
   applied-forces:
     electric-field:
       x:
         E0                       = 0
         omega                    = 0
         t0                       = 0
         sigma                    = 0
       y:
         E0                       = 0
         omega                    = 0
         t0                       = 0
         sigma                    = 0
       z:
         E0                       = 0
         omega                    = 0
         t0                       = 0
         sigma                    = 0
grpopts:
   nrdf:     4920.79     63837.2
   ref-t:         300         300
   tau-t:         0.1         0.1
annealing:          No          No
annealing-npoints:           0           0
   acc:	           0           0           0
   nfreeze:           N           N           N
   energygrp-flags[  0]: 0

Changing nstlist from 10 to 50, rlist from 1 to 1.115


Using 1 MPI thread
Using 4 OpenMP threads 

Pinning threads with an auto-selected logical core stride of 1
System total charge: -0.000
Will do PME sum in reciprocal space for electrostatic interactions.

++++ PLEASE READ AND CITE THE FOLLOWING REFERENCE ++++
U. Essmann, L. Perera, M. L. Berkowitz, T. Darden, H. Lee and L. G. Pedersen 
A smooth particle mesh Ewald method
J. Chem. Phys. 103 (1995) pp. 8577-8592
-------- -------- --- Thank You --- -------- --------

Using a Gaussian width (1/beta) of 0.320163 nm for Ewald
Potential shift: LJ r^-12: -1.000e+00 r^-6: -1.000e+00, Ewald -1.000e-05
Initialized non-bonded Ewald correction tables, spacing: 9.33e-04 size: 1073

Long Range LJ corr.: <C6> 3.1923e-04
Generated table with 1057 data points for Ewald.
Tabscale = 500 points/nm
Generated table with 1057 data points for LJ6.
Tabscale = 500 points/nm
Generated table with 1057 data points for LJ12.
Tabscale = 500 points/nm
Generated table with 1057 data points for 1-4 COUL.
Tabscale = 500 points/nm
Generated table with 1057 data points for 1-4 LJ6.
Tabscale = 500 points/nm
Generated table with 1057 data points for 1-4 LJ12.
Tabscale = 500 points/nm

Using SIMD 4x4 nonbonded short-range kernels

Using a dual 4x4 pair-list setup updated with dynamic pruning:
  outer list: updated every 50 steps, buffer 0.115 nm, rlist 1.115 nm
  inner list: updated every 12 steps, buffer 0.002 nm, rlist 1.002 nm
At tolerance 0.005 kJ/mol/ps per atom, equivalent classical 1x1 list would be:
  outer list: updated every 50 steps, buffer 0.243 nm, rlist 1.243 nm
  inner list: updated every 12 steps, buffer 0.047 nm, rlist 1.047 nm

Using geometric Lennard-Jones combination rule


Initializing LINear Constraint Solver

++++ PLEASE READ AND CITE THE FOLLOWING REFERENCE ++++
B. Hess and H. Bekker and H. J. C. Berendsen and J. G. E. M. Fraaije
LINCS: A Linear Constraint Solver for molecular simulations
J. Comp. Chem. 18 (1997) pp. 1463-1472
-------- -------- --- Thank You --- -------- --------

The number of constraints is 959

++++ PLEASE READ AND CITE THE FOLLOWING REFERENCE ++++
S. Miyamoto and P. A. Kollman
SETTLE: An Analytical Version of the SHAKE and RATTLE Algorithms for Rigid
Water Models
J. Comp. Chem. 13 (1992) pp. 952-962
-------- -------- --- Thank You --- -------- --------


Intra-simulation communication will occur every 10 steps.
Center of mass motion removal mode is Linear
We have the following groups for center of mass motion removal:
  0:  rest

++++ PLEASE READ AND CITE THE FOLLOWING REFERENCE ++++
G. Bussi, D. Donadio and M. Parrinello
Canonical sampling through velocity rescaling
J. Chem. Phys. 126 (2007) pp. 014101
-------- -------- --- Thank You --- -------- --------

There are: 33876 Atoms

Started mdrun on rank 0 Thu Nov 22 09:16:17 2018
           Step           Time
              0        0.00000

   Energies (kJ/mol)
           Bond          Angle    Proper Dih. Ryckaert-Bell.          LJ-14
    1.44276e+03    3.71361e+03    2.30646e+02    1.93678e+03    2.78275e+03
     Coulomb-14        LJ (SR)  Disper. corr.   Coulomb (SR)   Coul. recip.
    7.80362e+03    9.18732e+04   -4.44920e+03   -6.30591e+05    3.01054e+03
 Position Rest.      Potential    Kinetic En.   Total Energy  Conserved En.
    1.22748e-01   -5.22246e+05    8.63972e+04   -4.35849e+05   -4.35828e+05
    Temperature Pres. DC (bar) Pressure (bar)   Constr. rmsd
    3.02254e+02   -2.14729e+02   -3.16158e+02    2.88502e-06

           Step           Time
            500        1.00000

   Energies (kJ/mol)
           Bond          Angle    Proper Dih. Ryckaert-Bell.          LJ-14
    1.49774e+03    3.67920e+03    2.45864e+02    1.79799e+03    2.76637e+03
     Coulomb-14        LJ (SR)  Disper. corr.   Coulomb (SR)   Coul. recip.
    7.79840e+03    9.44531e+04   -4.56204e+03   -6.35119e+05    2.93160e+03
 Position Rest.      Potential    Kinetic En.   Total Energy  Conserved En.
    4.31983e+02   -5.24079e+05    8.52901e+04   -4.38789e+05   -4.35788e+05
    Temperature Pres. DC (bar) Pressure (bar)   Constr. rmsd
    2.98381e+02   -2.25745e+02    2.93481e+02    2.97220e-06

           Step           Time
           1000        2.00000

   Energies (kJ/mol)
           Bond          Angle    Proper Dih. Ryckaert-Bell.          LJ-14
    1.53837e+03    3.78038e+03    2.49967e+02    1.88083e+03    2.65802e+03
     Coulomb-14        LJ (SR)  Disper. corr.   Coulomb (SR)   Coul. recip.
    7.73962e+03    9.43500e+04   -4.54447e+03   -6.34032e+05    2.91334e+03
 Position Rest.      Potential    Kinetic En.   Total Energy  Conserved En.
    4.58225e+02   -5.23008e+05    8.68011e+04   -4.36207e+05   -4.35814e+05
    Temperature Pres. DC (bar) Pressure (bar)   Constr. rmsd
    3.03667e+02   -2.24011e+02    2.01094e+02    3.13827e-06

           Step           Time
           1500        3.00000

   Energies (kJ/mol)
           Bond          Angle    Proper Dih. Ryckaert-Bell.          LJ-14
    1.49641e+03    3.78073e+03    2.31684e+02    1.87070e+03    2.67287e+03
     Coulomb-14        LJ (SR)  Disper. corr.   Coulomb (SR)   Coul. recip.
    7.75326e+03    9.38120e+04   -4.56558e+03   -6.35094e+05    2.90237e+03
 Position Rest.      Potential    Kinetic En.   Total Energy  Conserved En.
    4.89009e+02   -5.24650e+05    8.56722e+04   -4.38978e+05   -4.35779e+05
    Temperature Pres. DC (bar) Pressure (bar)   Constr. rmsd
    2.99718e+02   -2.26095e+02    1.33076e+01    2.94134e-06

           Step           Time
           2000        4.00000

   Energies (kJ/mol)
           Bond          Angle    Proper Dih. Ryckaert-Bell.          LJ-14
    1.48379e+03    3.76760e+03    1.94120e+02    1.80984e+03    2.75873e+03
     Coulomb-14        LJ (SR)  Disper. corr.   Coulomb (SR)   Coul. recip.
    7.77382e+03    9.41477e+04   -4.57178e+03   -6.35200e+05    2.95126e+03
 Position Rest.      Potential    Kinetic En.   Total Energy  Conserved En.
    4.46767e+02   -5.24438e+05    8.57673e+04   -4.38671e+05   -4.35786e+05
    Temperature Pres. DC (bar) Pressure (bar)   Constr. rmsd
    3.00051e+02   -2.26709e+02    1.97974e+02    2.83979e-06

           Step           Time
           2500        5.00000

   Energies (kJ/mol)
           Bond          Angle    Proper Dih. Ryckaert-Bell.          LJ-14
    1.45725e+03    3.74435e+03    2.52748e+02    1.89346e+03    2.60688e+03
     Coulomb-14        LJ (SR)  Disper. corr.   Coulomb (SR)   Coul. recip.
    7.74561e+03    9.30708e+04   -4.57916e+03   -6.34043e+05    3.03334e+03
 Position Rest.      Potential    Kinetic En.   Total Energy  Conserved En.
    4.97768e+02   -5.24320e+05    8.52443e+04   -4.39075e+05   -4.35785e+05
    Temperature Pres. DC (bar) Pressure (bar)   Constr. rmsd
    2.98221e+02   -2.27440e+02   -1.32222e+02    3.01385e-06

           Step           Time
           3000        6.00000

   Energies (kJ/mol)
           Bond          Angle    Proper Dih. Ryckaert-Bell.          LJ-14
    1.43796e+03    3.68968e+03    2.66144e+02    1.92879e+03    2.67250e+03
     Coulomb-14        LJ (SR)  Disper. corr.   Coulomb (SR)   Coul. recip.
    7.75412e+03    9.31306e+04   -4.58096e+03   -6.34025e+05    3.01251e+03
 Position Rest.      Potential    Kinetic En.   Total Energy  Conserved En.
    4.60472e+02   -5.24253e+05    8.52750e+04   -4.38978e+05   -4.35802e+05
    Temperature Pres. DC (bar) Pressure (bar)   Constr. rmsd
    2.98328e+02   -2.27619e+02    5.27762e+00    2.71751e-06

           Step           Time
           3500        7.00000

   Energies (kJ/mol)
           Bond          Angle    Proper Dih. Ryckaert-Bell.          LJ-14
    1.48989e+03    3.65679e+03    2.40492e+02    1.91340e+03    2.75767e+03
     Coulomb-14        LJ (SR)  Disper. corr.   Coulomb (SR)   Coul. recip.
    7.85839e+03    9.49634e+04   -4.56913e+03   -6.35974e+05    2.89637e+03
 Position Rest.      Potential    Kinetic En.   Total Energy  Conserved En.
    5.67006e+02   -5.24200e+05    8.60466e+04   -4.38154e+05   -4.35784e+05
    Temperature Pres. DC (bar) Pressure (bar)   Constr. rmsd
    3.01027e+02   -2.26446e+02    2.32091e+02    3.04657e-06

           Step           Time
           4000        8.00000

   Energies (kJ/mol)
           Bond          Angle    Proper Dih. Ryckaert-Bell.          LJ-14
    1.48373e+03    3.74951e+03    2.27582e+02    1.84456e+03    2.71410e+03
     Coulomb-14        LJ (SR)  Disper. corr.   Coulomb (SR)   Coul. recip.
    7.80558e+03    9.27182e+04   -4.57619e+03   -6.33253e+05    2.98373e+03
 Position Rest.      Potential    Kinetic En.   Total Energy  Conserved En.
    4.59158e+02   -5.23843e+05    8.56888e+04   -4.38154e+05   -4.35785e+05
    Temperature Pres. DC (bar) Pressure (bar)   Constr. rmsd
    2.99776e+02   -2.27146e+02    2.70856e+01    2.72544e-06

           Step           Time
           4500        9.00000

   Energies (kJ/mol)
           Bond          Angle    Proper Dih. Ryckaert-Bell.          LJ-14
    1.50600e+03    3.83846e+03    2.26770e+02    1.88723e+03    2.63881e+03
     Coulomb-14        LJ (SR)  Disper. corr.   Coulomb (SR)   Coul. recip.
    7.76149e+03    9.34286e+04   -4.57402e+03   -6.33720e+05    2.95359e+03
 Position Rest.      Potential    Kinetic En.   Total Energy  Conserved En.
    5.06711e+02   -5.23547e+05    8.46854e+04   -4.38861e+05   -4.35764e+05
    Temperature Pres. DC (bar) Pressure (bar)   Constr. rmsd
    2.96266e+02   -2.26930e+02   -1.93464e+01    2.81469e-06

           Step           Time
           5000       10.00000

   Energies (kJ/mol)
           Bond          Angle    Proper Dih. Ryckaert-Bell.          LJ-14
    1.50341e+03    3.77133e+03    2.33296e+02    1.76340e+03    2.70301e+03
     Coulomb-14        LJ (SR)  Disper. corr.   Coulomb (SR)   Coul. recip.
    7.80159e+03    9.35431e+04   -4.56666e+03   -6.34358e+05    2.95552e+03
 Position Rest.      Potential    Kinetic En.   Total Energy  Conserved En.
    5.29790e+02   -5.24120e+05    8.57455e+04   -4.38375e+05   -4.35787e+05
    Temperature Pres. DC (bar) Pressure (bar)   Constr. rmsd
    2.99974e+02   -2.26202e+02   -1.27221e+02    3.08076e-06

           Step           Time
           5500       11.00000

   Energies (kJ/mol)
           Bond          Angle    Proper Dih. Ryckaert-Bell.          LJ-14
    1.32041e+03    3.81173e+03    2.41520e+02    1.92901e+03    2.70914e+03
     Coulomb-14        LJ (SR)  Disper. corr.   Coulomb (SR)   Coul. recip.
    7.82408e+03    9.32368e+04   -4.56563e+03   -6.34891e+05    2.90904e+03
 Position Rest.      Potential    Kinetic En.   Total Energy  Conserved En.
    4.74054e+02   -5.25001e+05    8.60289e+04   -4.38972e+05   -4.35788e+05
    Temperature Pres. DC (bar) Pressure (bar)   Constr. rmsd
    3.00966e+02   -2.26100e+02   -6.43244e+01    3.46615e-06

           Step           Time
           6000       12.00000

   Energies (kJ/mol)
           Bond          Angle    Proper Dih. Ryckaert-Bell.          LJ-14
    1.51589e+03    3.63856e+03    2.27206e+02    1.89946e+03    2.69544e+03
     Coulomb-14        LJ (SR)  Disper. corr.   Coulomb (SR)   Coul. recip.
    7.81266e+03    9.37155e+04   -4.58294e+03   -6.34659e+05    3.04685e+03
 Position Rest.      Potential    Kinetic En.   Total Energy  Conserved En.
    4.49463e+02   -5.24241e+05    8.65893e+04   -4.37652e+05   -4.35791e+05
    Temperature Pres. DC (bar) Pressure (bar)   Constr. rmsd
    3.02926e+02   -2.27815e+02    1.09272e+02    3.09584e-06

           Step           Time
           6500       13.00000

   Energies (kJ/mol)
           Bond          Angle    Proper Dih. Ryckaert-Bell.          LJ-14
    1.41914e+03    3.84226e+03    2.39086e+02    1.98150e+03    2.67980e+03
     Coulomb-14        LJ (SR)  Disper. corr.   Coulomb (SR)   Coul. recip.
    7.79723e+03    9.34524e+04   -4.56105e+03   -6.34772e+05    2.97408e+03
 Position Rest.      Potential    Kinetic En.   Total Energy  Conserved En.
    5.02867e+02   -5.24444e+05    8.58394e+04   -4.38605e+05   -4.35786e+05
    Temperature Pres. DC (bar) Pressure (bar)   Constr. rmsd
    3.00303e+02   -2.25647e+02   -1.22567e+02    2.64794e-06

           Step           Time
           7000       14.00000

   Energies (kJ/mol)
           Bond          Angle    Proper Dih. Ryckaert-Bell.          LJ-14
    1.36714e+03    3.69086e+03    2.75130e+02    1.87988e+03    2.69789e+03
     Coulomb-14        LJ (SR)  Disper. corr.   Coulomb (SR)   Coul. recip.
    7.80517e+03    9.51083e+04   -4.56697e+03   -6.36372e+05    3.03047e+03
 Position Rest.      Potential    Kinetic En.   Total Energy  Conserved En.
    4.94218e+02   -5.24589e+05    8.64688e+04   -4.38121e+05   -4.35801e+05
    Temperature Pres. DC (bar) Pressure (bar)   Constr. rmsd
    3.02505e+02   -2.26232e+02    1.68831e+02    2.94431e-06

           Step           Time
           7500       15.00000

   Energies (kJ/mol)
           Bond          Angle    Proper Dih. Ryckaert-Bell.          LJ-14
    1.53472e+03    3.80430e+03    2.44210e+02    1.86233e+03    2.66661e+03
     Coulomb-14        LJ (SR)  Disper. corr.   Coulomb (SR)   Coul. recip.
    7.72302e+03    9.30535e+04   -4.56176e+03   -6.33973e+05    2.97139e+03
 Position Rest.      Potential    Kinetic En.   Total Energy  Conserved En.
    5.29068e+02   -5.24146e+05    8.52264e+04   -4.38919e+05   -4.35759e+05
    Temperature Pres. DC (bar) Pressure (bar)   Constr. rmsd
    2.98158e+02   -2.25716e+02   -7.06979e+01    3.02875e-06

           Step           Time
           8000       16.00000

   Energies (kJ/mol)
           Bond          Angle    Proper Dih. Ryckaert-Bell.          LJ-14
    1.54071e+03    3.64400e+03    2.29419e+02    1.82756e+03    2.71396e+03
     Coulomb-14        LJ (SR)  Disper. corr.   Coulomb (SR)   Coul. recip.
    7.70968e+03    9.30712e+04   -4.57298e+03   -6.33412e+05    2.89425e+03
 Position Rest.      Potential    Kinetic En.   Total Energy  Conserved En.
    4.90598e+02   -5.23864e+05    8.58555e+04   -4.38008e+05   -4.35795e+05
    Temperature Pres. DC (bar) Pressure (bar)   Constr. rmsd
    3.00359e+02   -2.26828e+02   -3.81261e+01    3.00900e-06

           Step           Time
           8500       17.00000

   Energies (kJ/mol)
           Bond          Angle    Proper Dih. Ryckaert-Bell.          LJ-14
    1.40145e+03    4.03184e+03    2.67188e+02    1.86842e+03    2.63729e+03
     Coulomb-14        LJ (SR)  Disper. corr.   Coulomb (SR)   Coul. recip.
    7.75355e+03    9.38659e+04   -4.56686e+03   -6.34244e+05    3.06267e+03
 Position Rest.      Potential    Kinetic En.   Total Energy  Conserved En.
    4.82903e+02   -5.23440e+05    8.63846e+04   -4.37056e+05   -4.35782e+05
    Temperature Pres. DC (bar) Pressure (bar)   Constr. rmsd
    3.02210e+02   -2.26222e+02    1.06678e+02    3.09109e-06

           Step           Time
           9000       18.00000

   Energies (kJ/mol)
           Bond          Angle    Proper Dih. Ryckaert-Bell.          LJ-14
    1.56080e+03    3.70724e+03    2.60582e+02    1.89631e+03    2.71713e+03
     Coulomb-14        LJ (SR)  Disper. corr.   Coulomb (SR)   Coul. recip.
    7.77953e+03    9.26930e+04   -4.56354e+03   -6.33250e+05    3.01862e+03
 Position Rest.      Potential    Kinetic En.   Total Energy  Conserved En.
    5.11716e+02   -5.23668e+05    8.58994e+04   -4.37769e+05   -4.35782e+05
    Temperature Pres. DC (bar) Pressure (bar)   Constr. rmsd
    3.00513e+02   -2.25893e+02   -1.84893e+02    2.78230e-06

           Step           Time
           9500       19.00000

   Energies (kJ/mol)
           Bond          Angle    Proper Dih. Ryckaert-Bell.          LJ-14
    1.43495e+03    3.66075e+03    2.59484e+02    1.84477e+03    2.69850e+03
     Coulomb-14        LJ (SR)  Disper. corr.   Coulomb (SR)   Coul. recip.
    7.72693e+03    9.43733e+04   -4.56953e+03   -6.35354e+05    2.90720e+03
 Position Rest.      Potential    Kinetic En.   Total Energy  Conserved En.
    5.05923e+02   -5.24511e+05    8.61465e+04   -4.38365e+05   -4.35792e+05
    Temperature Pres. DC (bar) Pressure (bar)   Constr. rmsd
    3.01377e+02   -2.26486e+02    2.24894e+02    3.03429e-06

           Step           Time
          10000       20.00000

   Energies (kJ/mol)
           Bond          Angle    Proper Dih. Ryckaert-Bell.          LJ-14
    1.49273e+03    3.85420e+03    2.52167e+02    1.91131e+03    2.68578e+03
     Coulomb-14        LJ (SR)  Disper. corr.   Coulomb (SR)   Coul. recip.
    7.79183e+03    9.37588e+04   -4.55906e+03   -6.35372e+05    2.86837e+03
 Position Rest.      Potential    Kinetic En.   Total Energy  Conserved En.
    3.93068e+02   -5.24922e+05    8.57705e+04   -4.39152e+05   -4.35775e+05
    Temperature Pres. DC (bar) Pressure (bar)   Constr. rmsd
    3.00062e+02   -2.25450e+02    2.20120e+01    2.93146e-06

           Step           Time
          10500       21.00000

   Energies (kJ/mol)
           Bond          Angle    Proper Dih. Ryckaert-Bell.          LJ-14
    1.43997e+03    3.79364e+03    2.75322e+02    1.90188e+03    2.68312e+03
     Coulomb-14        LJ (SR)  Disper. corr.   Coulomb (SR)   Coul. recip.
    7.71047e+03    9.35915e+04   -4.55013e+03   -6.33966e+05    2.94114e+03
 Position Rest.      Potential    Kinetic En.   Total Energy  Conserved En.
    4.62603e+02   -5.23716e+05    8.62443e+04   -4.37472e+05   -4.35774e+05
    Temperature Pres. DC (bar) Pressure (bar)   Constr. rmsd
    3.01719e+02   -2.24568e+02    3.67160e+01    3.11273e-06

           Step           Time
          11000       22.00000

   Energies (kJ/mol)
           Bond          Angle    Proper Dih. Ryckaert-Bell.          LJ-14
    1.48450e+03    3.69475e+03    2.35696e+02    1.78631e+03    2.67536e+03
     Coulomb-14        LJ (SR)  Disper. corr.   Coulomb (SR)   Coul. recip.
    7.77620e+03    9.32963e+04   -4.54633e+03   -6.34567e+05    2.91423e+03
 Position Rest.      Potential    Kinetic En.   Total Energy  Conserved En.
    4.34233e+02   -5.24816e+05    8.53514e+04   -4.39464e+05   -4.35780e+05
    Temperature Pres. DC (bar) Pressure (bar)   Constr. rmsd
    2.98595e+02   -2.24194e+02   -1.66086e+02    2.88217e-06

           Step           Time
          11500       23.00000

   Energies (kJ/mol)
           Bond          Angle    Proper Dih. Ryckaert-Bell.          LJ-14
    1.48196e+03    3.74929e+03    2.84209e+02    1.87895e+03    2.72935e+03
     Coulomb-14        LJ (SR)  Disper. corr.   Coulomb (SR)   Coul. recip.
    7.79897e+03    9.35275e+04   -4.54370e+03   -6.34071e+05    2.89546e+03
 Position Rest.      Potential    Kinetic En.   Total Energy  Conserved En.
    4.53647e+02   -5.23815e+05    8.61446e+04   -4.37671e+05   -4.35767e+05
    Temperature Pres. DC (bar) Pressure (bar)   Constr. rmsd
    3.01371e+02   -2.23935e+02    9.16172e+01    2.74411e-06

           Step           Time
          12000       24.00000

   Energies (kJ/mol)
           Bond          Angle    Proper Dih. Ryckaert-Bell.          LJ-14
    1.45578e+03    3.71073e+03    2.53896e+02    1.95305e+03    2.63267e+03
     Coulomb-14        LJ (SR)  Disper. corr.   Coulomb (SR)   Coul. recip.
    7.78606e+03    9.37111e+04   -4.55764e+03   -6.35370e+05    2.97237e+03
 Position Rest.      Potential    Kinetic En.   Total Energy  Conserved En.
    5.02702e+02   -5.24949e+05    8.54802e+04   -4.39469e+05   -4.35783e+05
    Temperature Pres. DC (bar) Pressure (bar)   Constr. rmsd
    2.99046e+02   -2.25310e+02   -1.85375e+02    3.01659e-06

           Step           Time
          12500       25.00000

   Energies (kJ/mol)
           Bond          Angle    Proper Dih. Ryckaert-Bell.          LJ-14
    1.43928e+03    3.79415e+03    2.65778e+02    1.79123e+03    2.78221e+03
     Coulomb-14        LJ (SR)  Disper. corr.   Coulomb (SR)   Coul. recip.
    7.81957e+03    9.26613e+04   -4.55188e+03   -6.32851e+05    2.93092e+03
 Position Rest.      Potential    Kinetic En.   Total Energy  Conserved En.
    4.92718e+02   -5.23426e+05    8.60628e+04   -4.37363e+05   -4.35785e+05
    Temperature Pres. DC (bar) Pressure (bar)   Constr. rmsd
    3.01084e+02   -2.24742e+02   -5.85039e+01    2.99778e-06

           Step           Time
          13000       26.00000

   Energies (kJ/mol)
           Bond          Angle    Proper Dih. Ryckaert-Bell.          LJ-14
    1.49862e+03    3.76739e+03    2.26471e+02    1.85768e+03    2.64728e+03
     Coulomb-14        LJ (SR)  Disper. corr.   Coulomb (SR)   Coul. recip.
    7.71404e+03    9.24646e+04   -4.55231e+03   -6.32948e+05    2.98149e+03
 Position Rest.      Potential    Kinetic En.   Total Energy  Conserved En.
    4.43967e+02   -5.23898e+05    8.61308e+04   -4.37768e+05   -4.35781e+05
    Temperature Pres. DC (bar) Pressure (bar)   Constr. rmsd
    3.01322e+02   -2.24784e+02   -2.45329e+02    2.65407e-06

           Step           Time
          13500       27.00000

   Energies (kJ/mol)
           Bond          Angle    Proper Dih. Ryckaert-Bell.          LJ-14
    1.43228e+03    3.82417e+03    2.36075e+02    1.75177e+03    2.69057e+03
     Coulomb-14        LJ (SR)  Disper. corr.   Coulomb (SR)   Coul. recip.
    7.73287e+03    9.35600e+04   -4.56554e+03   -6.34451e+05    2.95580e+03
 Position Rest.      Potential    Kinetic En.   Total Energy  Conserved En.
    4.97213e+02   -5.24336e+05    8.56820e+04   -4.38654e+05   -4.35777e+05
    Temperature Pres. DC (bar) Pressure (bar)   Constr. rmsd
    2.99752e+02   -2.26091e+02    4.68799e+00    2.76196e-06

           Step           Time
          14000       28.00000

   Energies (kJ/mol)
           Bond          Angle    Proper Dih. Ryckaert-Bell.          LJ-14
    1.46681e+03    3.81246e+03    2.31885e+02    1.83922e+03    2.67100e+03
     Coulomb-14        LJ (SR)  Disper. corr.   Coulomb (SR)   Coul. recip.
    7.78394e+03    9.48375e+04   -4.55507e+03   -6.35408e+05    2.93217e+03
 Position Rest.      Potential    Kinetic En.   Total Energy  Conserved En.
    5.22000e+02   -5.23866e+05    8.65524e+04   -4.37314e+05   -4.35778e+05
    Temperature Pres. DC (bar) Pressure (bar)   Constr. rmsd
    3.02797e+02   -2.25056e+02    1.58855e+02    2.85319e-06

           Step           Time
          14500       29.00000

   Energies (kJ/mol)
           Bond          Angle    Proper Dih. Ryckaert-Bell.          LJ-14
    1.48896e+03    3.78337e+03    2.57408e+02    1.70794e+03    2.70097e+03
     Coulomb-14        LJ (SR)  Disper. corr.   Coulomb (SR)   Coul. recip.
    7.72655e+03    9.42990e+04   -4.55595e+03   -6.36304e+05    2.89998e+03
 Position Rest.      Potential    Kinetic En.   Total Energy  Conserved En.
    4.98967e+02   -5.25497e+05    8.53003e+04   -4.40197e+05   -4.35769e+05
    Temperature Pres. DC (bar) Pressure (bar)   Constr. rmsd
    2.98417e+02   -2.25143e+02    1.01772e+02    2.74478e-06

           Step           Time
          15000       30.00000

   Energies (kJ/mol)
           Bond          Angle    Proper Dih. Ryckaert-Bell.          LJ-14
    1.36677e+03    3.85941e+03    2.15746e+02    1.84738e+03    2.61199e+03
     Coulomb-14        LJ (SR)  Disper. corr.   Coulomb (SR)   Coul. recip.
    7.78574e+03    9.35388e+04   -4.57831e+03   -6.34438e+05    2.83947e+03
 Position Rest.      Potential    Kinetic En.   Total Energy  Conserved En.
    4.52187e+02   -5.24499e+05    8.49309e+04   -4.39568e+05   -4.35784e+05
    Temperature Pres. DC (bar) Pressure (bar)   Constr. rmsd
    2.97124e+02   -2.27356e+02   -1.03479e+02    3.33838e-06

           Step           Time
          15500       31.00000

   Energies (kJ/mol)
           Bond          Angle    Proper Dih. Ryckaert-Bell.          LJ-14
    1.47940e+03    3.82871e+03    2.42248e+02    1.71190e+03    2.66033e+03
     Coulomb-14        LJ (SR)  Disper. corr.   Coulomb (SR)   Coul. recip.
    7.83684e+03    9.39488e+04   -4.57279e+03   -6.35117e+05    2.94362e+03
 Position Rest.      Potential    Kinetic En.   Total Energy  Conserved En.
    4.97369e+02   -5.24541e+05    8.62213e+04   -4.38320e+05   -4.35776e+05
    Temperature Pres. DC (bar) Pressure (bar)   Constr. rmsd
    3.01639e+02   -2.26809e+02   -8.64398e+01    3.04440e-06

           Step           Time
          16000       32.00000

   Energies (kJ/mol)
           Bond          Angle    Proper Dih. Ryckaert-Bell.          LJ-14
    1.45555e+03    3.57968e+03    2.39270e+02    1.84446e+03    2.75500e+03
     Coulomb-14        LJ (SR)  Disper. corr.   Coulomb (SR)   Coul. recip.
    7.88889e+03    9.48325e+04   -4.56063e+03   -6.37616e+05    2.90725e+03
 Position Rest.      Potential    Kinetic En.   Total Energy  Conserved En.
    4.88408e+02   -5.26186e+05    8.54679e+04   -4.40718e+05   -4.35776e+05
    Temperature Pres. DC (bar) Pressure (bar)   Constr. rmsd
    2.99003e+02   -2.25606e+02    1.04867e+02    2.67971e-06

Writing checkpoint, step 16400 at Thu Nov 22 09:31:21 2018


           Step           Time
          16500       33.00000

   Energies (kJ/mol)
           Bond          Angle    Proper Dih. Ryckaert-Bell.          LJ-14
    1.47524e+03    3.60427e+03    2.26094e+02    1.78037e+03    2.63519e+03
     Coulomb-14        LJ (SR)  Disper. corr.   Coulomb (SR)   Coul. recip.
    7.75998e+03    9.45102e+04   -4.55145e+03   -6.36929e+05    2.87755e+03
 Position Rest.      Potential    Kinetic En.   Total Energy  Conserved En.
    5.16800e+02   -5.26095e+05    8.51551e+04   -4.40940e+05   -4.35775e+05
    Temperature Pres. DC (bar) Pressure (bar)   Constr. rmsd
    2.97909e+02   -2.24699e+02   -1.99708e+02    2.88297e-06

           Step           Time
          17000       34.00000

   Energies (kJ/mol)
           Bond          Angle    Proper Dih. Ryckaert-Bell.          LJ-14
    1.55463e+03    3.82668e+03    2.48619e+02    1.92117e+03    2.69327e+03
     Coulomb-14        LJ (SR)  Disper. corr.   Coulomb (SR)   Coul. recip.
    7.70459e+03    9.27715e+04   -4.54016e+03   -6.33241e+05    2.88424e+03
 Position Rest.      Potential    Kinetic En.   Total Energy  Conserved En.
    4.75841e+02   -5.23701e+05    8.61217e+04   -4.37579e+05   -4.35776e+05
    Temperature Pres. DC (bar) Pressure (bar)   Constr. rmsd
    3.01290e+02   -2.23587e+02   -1.46995e+02    2.72704e-06

           Step           Time
          17500       35.00000

   Energies (kJ/mol)
           Bond          Angle    Proper Dih. Ryckaert-Bell.          LJ-14
    1.37781e+03    3.79809e+03    2.28713e+02    1.84918e+03    2.70880e+03
     Coulomb-14        LJ (SR)  Disper. corr.   Coulomb (SR)   Coul. recip.
    7.75321e+03    9.44304e+04   -4.56347e+03   -6.35097e+05    2.97267e+03
 Position Rest.      Potential    Kinetic En.   Total Energy  Conserved En.
    5.09107e+02   -5.24033e+05    8.61665e+04   -4.37866e+05   -4.35760e+05
    Temperature Pres. DC (bar) Pressure (bar)   Constr. rmsd
    3.01447e+02   -2.25886e+02    1.72559e+02    2.99941e-06

           Step           Time
          18000       36.00000

   Energies (kJ/mol)
           Bond          Angle    Proper Dih. Ryckaert-Bell.          LJ-14
    1.44583e+03    3.65514e+03    2.43655e+02    1.82031e+03    2.75772e+03
     Coulomb-14        LJ (SR)  Disper. corr.   Coulomb (SR)   Coul. recip.
    7.74189e+03    9.24242e+04   -4.54835e+03   -6.33211e+05    2.99688e+03
 Position Rest.      Potential    Kinetic En.   Total Energy  Conserved En.
    4.93449e+02   -5.24180e+05    8.49634e+04   -4.39217e+05   -4.35757e+05
    Temperature Pres. DC (bar) Pressure (bar)   Constr. rmsd
    2.97238e+02   -2.24393e+02   -8.35749e+01    2.60737e-06

           Step           Time
          18500       37.00000

   Energies (kJ/mol)
           Bond          Angle    Proper Dih. Ryckaert-Bell.          LJ-14
    1.51557e+03    3.64891e+03    2.42695e+02    1.89039e+03    2.67744e+03
     Coulomb-14        LJ (SR)  Disper. corr.   Coulomb (SR)   Coul. recip.
    7.84468e+03    9.30492e+04   -4.57157e+03   -6.34227e+05    2.90323e+03
 Position Rest.      Potential    Kinetic En.   Total Energy  Conserved En.
    4.91850e+02   -5.24535e+05    8.52164e+04   -4.39319e+05   -4.35769e+05
    Temperature Pres. DC (bar) Pressure (bar)   Constr. rmsd
    2.98123e+02   -2.26688e+02   -1.80224e+02    2.74060e-06

           Step           Time
          19000       38.00000

   Energies (kJ/mol)
           Bond          Angle    Proper Dih. Ryckaert-Bell.          LJ-14
    1.53495e+03    3.74630e+03    2.34682e+02    1.81934e+03    2.63951e+03
     Coulomb-14        LJ (SR)  Disper. corr.   Coulomb (SR)   Coul. recip.
    7.74481e+03    9.27915e+04   -4.57225e+03   -6.33547e+05    2.90578e+03
 Position Rest.      Potential    Kinetic En.   Total Energy  Conserved En.
    4.89178e+02   -5.24213e+05    8.61538e+04   -4.38060e+05   -4.35791e+05
    Temperature Pres. DC (bar) Pressure (bar)   Constr. rmsd
    3.01403e+02   -2.26755e+02   -1.06646e+02    3.05804e-06

           Step           Time
          19500       39.00000

   Energies (kJ/mol)
           Bond          Angle    Proper Dih. Ryckaert-Bell.          LJ-14
    1.49609e+03    3.85274e+03    2.15890e+02    1.72908e+03    2.61637e+03
     Coulomb-14        LJ (SR)  Disper. corr.   Coulomb (SR)   Coul. recip.
    7.84385e+03    9.26444e+04   -4.54199e+03   -6.32980e+05    2.94883e+03
 Position Rest.      Potential    Kinetic En.   Total Energy  Conserved En.
    5.44352e+02   -5.23631e+05    8.63284e+04   -4.37302e+05   -4.35793e+05
    Temperature Pres. DC (bar) Pressure (bar)   Constr. rmsd
    3.02013e+02   -2.23767e+02   -2.18443e+02    3.27503e-06

           Step           Time
          20000       40.00000

   Energies (kJ/mol)
           Bond          Angle    Proper Dih. Ryckaert-Bell.          LJ-14
    1.33969e+03    3.62557e+03    2.22312e+02    1.90750e+03    2.67921e+03
     Coulomb-14        LJ (SR)  Disper. corr.   Coulomb (SR)   Coul. recip.
    7.78661e+03    9.50685e+04   -4.59218e+03   -6.36814e+05    2.95098e+03
 Position Rest.      Potential    Kinetic En.   Total Energy  Conserved En.
    4.98270e+02   -5.25327e+05    8.57706e+04   -4.39557e+05   -4.35784e+05
    Temperature Pres. DC (bar) Pressure (bar)   Constr. rmsd
    3.00062e+02   -2.28734e+02    2.72542e+02    3.41261e-06

           Step           Time
          20500       41.00000

   Energies (kJ/mol)
           Bond          Angle    Proper Dih. Ryckaert-Bell.          LJ-14
    1.52453e+03    3.78750e+03    2.39280e+02    1.81942e+03    2.70962e+03
     Coulomb-14        LJ (SR)  Disper. corr.   Coulomb (SR)   Coul. recip.
    7.87379e+03    9.36563e+04   -4.54133e+03   -6.34120e+05    2.97351e+03
 Position Rest.      Potential    Kinetic En.   Total Energy  Conserved En.
    5.06411e+02   -5.23571e+05    8.60125e+04   -4.37558e+05   -4.35763e+05
    Temperature Pres. DC (bar) Pressure (bar)   Constr. rmsd
    3.00908e+02   -2.23703e+02    5.75970e+01    3.00260e-06

           Step           Time
          21000       42.00000

   Energies (kJ/mol)
           Bond          Angle    Proper Dih. Ryckaert-Bell.          LJ-14
    1.42415e+03    3.66225e+03    2.41790e+02    1.87517e+03    2.65522e+03
     Coulomb-14        LJ (SR)  Disper. corr.   Coulomb (SR)   Coul. recip.
    7.69964e+03    9.37470e+04   -4.56396e+03   -6.35159e+05    2.90768e+03
 Position Rest.      Potential    Kinetic En.   Total Energy  Conserved En.
    4.97376e+02   -5.25013e+05    8.55235e+04   -4.39489e+05   -4.35777e+05
    Temperature Pres. DC (bar) Pressure (bar)   Constr. rmsd
    2.99198e+02   -2.25935e+02    5.12485e+01    3.08699e-06

           Step           Time
          21500       43.00000

   Energies (kJ/mol)
           Bond          Angle    Proper Dih. Ryckaert-Bell.          LJ-14
    1.41689e+03    3.61842e+03    2.70904e+02    1.92572e+03    2.70592e+03
     Coulomb-14        LJ (SR)  Disper. corr.   Coulomb (SR)   Coul. recip.
    7.73625e+03    9.40739e+04   -4.54528e+03   -6.35316e+05    3.08182e+03
 Position Rest.      Potential    Kinetic En.   Total Energy  Conserved En.
    4.79248e+02   -5.24552e+05    8.52733e+04   -4.39279e+05   -4.35763e+05
    Temperature Pres. DC (bar) Pressure (bar)   Constr. rmsd
    2.98322e+02   -2.24091e+02   -5.29234e+01    3.09780e-06

           Step           Time
          22000       44.00000

   Energies (kJ/mol)
           Bond          Angle    Proper Dih. Ryckaert-Bell.          LJ-14
    1.52145e+03    3.61542e+03    2.56552e+02    1.94356e+03    2.70870e+03
     Coulomb-14        LJ (SR)  Disper. corr.   Coulomb (SR)   Coul. recip.
    7.73588e+03    9.40376e+04   -4.56245e+03   -6.34855e+05    2.88490e+03
 Position Rest.      Potential    Kinetic En.   Total Energy  Conserved En.
    4.82097e+02   -5.24232e+05    8.61621e+04   -4.38069e+05   -4.35763e+05
    Temperature Pres. DC (bar) Pressure (bar)   Constr. rmsd
    3.01432e+02   -2.25785e+02    1.56565e+02    2.88945e-06

           Step           Time
          22500       45.00000

   Energies (kJ/mol)
           Bond          Angle    Proper Dih. Ryckaert-Bell.          LJ-14
    1.49612e+03    3.69878e+03    2.34048e+02    1.95206e+03    2.70072e+03
     Coulomb-14        LJ (SR)  Disper. corr.   Coulomb (SR)   Coul. recip.
    7.83404e+03    9.32680e+04   -4.55511e+03   -6.34467e+05    2.88269e+03
 Position Rest.      Potential    Kinetic En.   Total Energy  Conserved En.
    5.38041e+02   -5.24418e+05    8.58208e+04   -4.38597e+05   -4.35769e+05
    Temperature Pres. DC (bar) Pressure (bar)   Constr. rmsd
    3.00238e+02   -2.25060e+02   -1.65056e+02    2.95708e-06

           Step           Time
          23000       46.00000

   Energies (kJ/mol)
           Bond          Angle    Proper Dih. Ryckaert-Bell.          LJ-14
    1.45973e+03    3.60990e+03    2.38565e+02    1.85201e+03    2.81832e+03
     Coulomb-14        LJ (SR)  Disper. corr.   Coulomb (SR)   Coul. recip.
    7.81525e+03    9.46010e+04   -4.57747e+03   -6.36117e+05    2.97148e+03
 Position Rest.      Potential    Kinetic En.   Total Energy  Conserved En.
    4.93436e+02   -5.24835e+05    8.51162e+04   -4.39719e+05   -4.35753e+05
    Temperature Pres. DC (bar) Pressure (bar)   Constr. rmsd
    2.97773e+02   -2.27273e+02    2.06038e+02    2.73949e-06

           Step           Time
          23500       47.00000

   Energies (kJ/mol)
           Bond          Angle    Proper Dih. Ryckaert-Bell.          LJ-14
    1.49591e+03    3.85882e+03    2.47038e+02    1.88978e+03    2.73747e+03
     Coulomb-14        LJ (SR)  Disper. corr.   Coulomb (SR)   Coul. recip.
    7.72370e+03    9.13839e+04   -4.56280e+03   -6.31332e+05    3.05879e+03
 Position Rest.      Potential    Kinetic En.   Total Energy  Conserved En.
    4.46815e+02   -5.23053e+05    8.65018e+04   -4.36551e+05   -4.35789e+05
    Temperature Pres. DC (bar) Pressure (bar)   Constr. rmsd
    3.02620e+02   -2.25820e+02   -1.77755e+02    2.87401e-06

           Step           Time
          24000       48.00000

   Energies (kJ/mol)
           Bond          Angle    Proper Dih. Ryckaert-Bell.          LJ-14
    1.40506e+03    3.68416e+03    2.66262e+02    1.83878e+03    2.64940e+03
     Coulomb-14        LJ (SR)  Disper. corr.   Coulomb (SR)   Coul. recip.
    7.78778e+03    9.35247e+04   -4.58523e+03   -6.34102e+05    2.98198e+03
 Position Rest.      Potential    Kinetic En.   Total Energy  Conserved En.
    4.73183e+02   -5.24076e+05    8.53020e+04   -4.38774e+05   -4.35773e+05
    Temperature Pres. DC (bar) Pressure (bar)   Constr. rmsd
    2.98423e+02   -2.28043e+02    1.18296e+02    2.85895e-06

           Step           Time
          24500       49.00000

   Energies (kJ/mol)
           Bond          Angle    Proper Dih. Ryckaert-Bell.          LJ-14
    1.46420e+03    3.75962e+03    2.65046e+02    1.87834e+03    2.65795e+03
     Coulomb-14        LJ (SR)  Disper. corr.   Coulomb (SR)   Coul. recip.
    7.81404e+03    9.43246e+04   -4.56226e+03   -6.35578e+05    2.94036e+03
 Position Rest.      Potential    Kinetic En.   Total Energy  Conserved En.
    4.94789e+02   -5.24542e+05    8.74520e+04   -4.37090e+05   -4.35768e+05
    Temperature Pres. DC (bar) Pressure (bar)   Constr. rmsd
    3.05944e+02   -2.25766e+02    1.72627e+02    3.37051e-06

           Step           Time
          25000       50.00000

   Energies (kJ/mol)
           Bond          Angle    Proper Dih. Ryckaert-Bell.          LJ-14
    1.37120e+03    3.72442e+03    2.72528e+02    1.87322e+03    2.66974e+03
     Coulomb-14        LJ (SR)  Disper. corr.   Coulomb (SR)   Coul. recip.
    7.77606e+03    9.33637e+04   -4.56606e+03   -6.33408e+05    2.90017e+03
 Position Rest.      Potential    Kinetic En.   Total Energy  Conserved En.
    4.70456e+02   -5.23553e+05    8.58655e+04   -4.37687e+05   -4.35757e+05
    Temperature Pres. DC (bar) Pressure (bar)   Constr. rmsd
    3.00394e+02   -2.26142e+02    2.51759e+01    3.03154e-06

           Step           Time
          25500       51.00000

   Energies (kJ/mol)
           Bond          Angle    Proper Dih. Ryckaert-Bell.          LJ-14
    1.44086e+03    3.79129e+03    2.28950e+02    1.93271e+03    2.63815e+03
     Coulomb-14        LJ (SR)  Disper. corr.   Coulomb (SR)   Coul. recip.
    7.77115e+03    9.40978e+04   -4.56798e+03   -6.35389e+05    2.96782e+03
 Position Rest.      Potential    Kinetic En.   Total Energy  Conserved En.
    4.80984e+02   -5.24608e+05    8.58659e+04   -4.38742e+05   -4.35763e+05
    Temperature Pres. DC (bar) Pressure (bar)   Constr. rmsd
    3.00395e+02   -2.26332e+02    3.58337e+00    3.01049e-06

           Step           Time
          26000       52.00000

   Energies (kJ/mol)
           Bond          Angle    Proper Dih. Ryckaert-Bell.          LJ-14
    1.40023e+03    3.85189e+03    2.34460e+02    1.80003e+03    2.72619e+03
     Coulomb-14        LJ (SR)  Disper. corr.   Coulomb (SR)   Coul. recip.
    7.85933e+03    9.29847e+04   -4.53419e+03   -6.33816e+05    2.97922e+03
 Position Rest.      Potential    Kinetic En.   Total Energy  Conserved En.
    4.65654e+02   -5.24048e+05    8.57382e+04   -4.38310e+05   -4.35762e+05
    Temperature Pres. DC (bar) Pressure (bar)   Constr. rmsd
    2.99949e+02   -2.23000e+02   -9.52899e+01    2.66325e-06

           Step           Time
          26500       53.00000

   Energies (kJ/mol)
           Bond          Angle    Proper Dih. Ryckaert-Bell.          LJ-14
    1.40639e+03    3.69170e+03    2.78026e+02    1.84064e+03    2.61069e+03
     Coulomb-14        LJ (SR)  Disper. corr.   Coulomb (SR)   Coul. recip.
    7.67157e+03    9.49767e+04   -4.56101e+03   -6.37245e+05    2.95224e+03
 Position Rest.      Potential    Kinetic En.   Total Energy  Conserved En.
    4.96631e+02   -5.25881e+05    8.51024e+04   -4.40779e+05   -4.35754e+05
    Temperature Pres. DC (bar) Pressure (bar)   Constr. rmsd
    2.97724e+02   -2.25643e+02    1.00724e+02    2.69262e-06

           Step           Time
          27000       54.00000

   Energies (kJ/mol)
           Bond          Angle    Proper Dih. Ryckaert-Bell.          LJ-14
    1.35655e+03    3.87246e+03    2.21107e+02    1.91043e+03    2.65820e+03
     Coulomb-14        LJ (SR)  Disper. corr.   Coulomb (SR)   Coul. recip.
    7.73642e+03    9.34833e+04   -4.55247e+03   -6.35005e+05    2.93007e+03
 Position Rest.      Potential    Kinetic En.   Total Energy  Conserved En.
    5.40512e+02   -5.24849e+05    8.51666e+04   -4.39682e+05   -4.35740e+05
    Temperature Pres. DC (bar) Pressure (bar)   Constr. rmsd
    2.97949e+02   -2.24800e+02   -2.91817e+01    2.94904e-06

           Step           Time
          27500       55.00000

   Energies (kJ/mol)
           Bond          Angle    Proper Dih. Ryckaert-Bell.          LJ-14
    1.55871e+03    3.77116e+03    2.18176e+02    1.86663e+03    2.63189e+03
     Coulomb-14        LJ (SR)  Disper. corr.   Coulomb (SR)   Coul. recip.
    7.72875e+03    9.39054e+04   -4.53993e+03   -6.33801e+05    2.97038e+03
 Position Rest.      Potential    Kinetic En.   Total Energy  Conserved En.
    4.78367e+02   -5.23212e+05    8.49686e+04   -4.38243e+05   -4.35731e+05
    Temperature Pres. DC (bar) Pressure (bar)   Constr. rmsd
    2.97256e+02   -2.23564e+02   -7.89879e+01    2.91055e-06

           Step           Time
          28000       56.00000

   Energies (kJ/mol)
           Bond          Angle    Proper Dih. Ryckaert-Bell.          LJ-14
    1.47414e+03    3.74850e+03    2.31516e+02    1.82703e+03    2.67604e+03
     Coulomb-14        LJ (SR)  Disper. corr.   Coulomb (SR)   Coul. recip.
    7.69308e+03    9.40737e+04   -4.55465e+03   -6.34298e+05    2.86276e+03
 Position Rest.      Potential    Kinetic En.   Total Energy  Conserved En.
    5.05893e+02   -5.23760e+05    8.62825e+04   -4.37478e+05   -4.35751e+05
    Temperature Pres. DC (bar) Pressure (bar)   Constr. rmsd
    3.01853e+02   -2.25014e+02    8.69731e+01    2.88658e-06

           Step           Time
          28500       57.00000

   Energies (kJ/mol)
           Bond          Angle    Proper Dih. Ryckaert-Bell.          LJ-14
    1.45457e+03    3.74861e+03    2.56317e+02    1.90420e+03    2.67078e+03
     Coulomb-14        LJ (SR)  Disper. corr.   Coulomb (SR)   Coul. recip.
    7.80987e+03    9.36365e+04   -4.56157e+03   -6.33259e+05    2.99061e+03
 Position Rest.      Potential    Kinetic En.   Total Energy  Conserved En.
    5.15256e+02   -5.22834e+05    8.61632e+04   -4.36671e+05   -4.35758e+05
    Temperature Pres. DC (bar) Pressure (bar)   Constr. rmsd
    3.01436e+02   -2.25698e+02    1.08145e+02    2.71356e-06

           Step           Time
          29000       58.00000

   Energies (kJ/mol)
           Bond          Angle    Proper Dih. Ryckaert-Bell.          LJ-14
    1.39789e+03    3.72435e+03    2.81840e+02    1.78994e+03    2.68514e+03
     Coulomb-14        LJ (SR)  Disper. corr.   Coulomb (SR)   Coul. recip.
    7.82968e+03    9.36864e+04   -4.55137e+03   -6.34741e+05    2.94878e+03
 Position Rest.      Potential    Kinetic En.   Total Energy  Conserved En.
    4.79409e+02   -5.24469e+05    8.61619e+04   -4.38307e+05   -4.35772e+05
    Temperature Pres. DC (bar) Pressure (bar)   Constr. rmsd
    3.01431e+02   -2.24691e+02   -6.62849e+01    3.11141e-06

           Step           Time
          29500       59.00000

   Energies (kJ/mol)
           Bond          Angle    Proper Dih. Ryckaert-Bell.          LJ-14
    1.42776e+03    3.72794e+03    2.55947e+02    1.76737e+03    2.64264e+03
     Coulomb-14        LJ (SR)  Disper. corr.   Coulomb (SR)   Coul. recip.
    7.73344e+03    9.38515e+04   -4.52995e+03   -6.35117e+05    2.94493e+03
 Position Rest.      Potential    Kinetic En.   Total Energy  Conserved En.
    4.95638e+02   -5.24800e+05    8.55139e+04   -4.39286e+05   -4.35728e+05
    Temperature Pres. DC (bar) Pressure (bar)   Constr. rmsd
    2.99164e+02   -2.22584e+02   -1.72238e+02    2.61315e-06

           Step           Time
          30000       60.00000

   Energies (kJ/mol)
           Bond          Angle    Proper Dih. Ryckaert-Bell.          LJ-14
    1.46718e+03    3.68456e+03    2.36211e+02    1.86540e+03    2.68969e+03
     Coulomb-14        LJ (SR)  Disper. corr.   Coulomb (SR)   Coul. recip.
    7.86803e+03    9.48268e+04   -4.57543e+03   -6.35484e+05    2.93113e+03
 Position Rest.      Potential    Kinetic En.   Total Energy  Conserved En.
    4.94627e+02   -5.23996e+05    8.63359e+04   -4.37660e+05   -4.35769e+05
    Temperature Pres. DC (bar) Pressure (bar)   Constr. rmsd
    3.02040e+02   -2.27071e+02    2.24655e+02    2.79366e-06

           Step           Time
          30500       61.00000

   Energies (kJ/mol)
           Bond          Angle    Proper Dih. Ryckaert-Bell.          LJ-14
    1.39097e+03    3.84076e+03    2.49973e+02    1.79478e+03    2.68578e+03
     Coulomb-14        LJ (SR)  Disper. corr.   Coulomb (SR)   Coul. recip.
    7.75234e+03    9.26630e+04   -4.55440e+03   -6.33349e+05    2.99438e+03
 Position Rest.      Potential    Kinetic En.   Total Energy  Conserved En.
    5.35187e+02   -5.23996e+05    8.56935e+04   -4.38303e+05   -4.35730e+05
    Temperature Pres. DC (bar) Pressure (bar)   Constr. rmsd
    2.99792e+02   -2.24990e+02   -1.65555e+02    3.22034e-06

           Step           Time
          31000       62.00000

   Energies (kJ/mol)
           Bond          Angle    Proper Dih. Ryckaert-Bell.          LJ-14
    1.40622e+03    3.70815e+03    2.27029e+02    1.83160e+03    2.71081e+03
     Coulomb-14        LJ (SR)  Disper. corr.   Coulomb (SR)   Coul. recip.
    7.82388e+03    9.44582e+04   -4.56155e+03   -6.36530e+05    2.87943e+03
 Position Rest.      Potential    Kinetic En.   Total Energy  Conserved En.
    4.91381e+02   -5.25555e+05    8.67880e+04   -4.38767e+05   -4.35751e+05
    Temperature Pres. DC (bar) Pressure (bar)   Constr. rmsd
    3.03621e+02   -2.25696e+02    1.76020e+02    2.84228e-06

           Step           Time
          31500       63.00000

   Energies (kJ/mol)
           Bond          Angle    Proper Dih. Ryckaert-Bell.          LJ-14
    1.51288e+03    3.66508e+03    2.66777e+02    1.86644e+03    2.72811e+03
     Coulomb-14        LJ (SR)  Disper. corr.   Coulomb (SR)   Coul. recip.
    7.72868e+03    9.35513e+04   -4.56302e+03   -6.33628e+05    2.92864e+03
 Position Rest.      Potential    Kinetic En.   Total Energy  Conserved En.
    4.95930e+02   -5.23448e+05    8.61867e+04   -4.37261e+05   -4.35729e+05
    Temperature Pres. DC (bar) Pressure (bar)   Constr. rmsd
    3.01518e+02   -2.25841e+02    9.90334e+01    2.84153e-06

Writing checkpoint, step 31600 at Thu Nov 22 09:46:21 2018


           Step           Time
          32000       64.00000

   Energies (kJ/mol)
           Bond          Angle    Proper Dih. Ryckaert-Bell.          LJ-14
    1.41439e+03    3.69866e+03    2.82531e+02    1.87191e+03    2.65271e+03
     Coulomb-14        LJ (SR)  Disper. corr.   Coulomb (SR)   Coul. recip.
    7.88192e+03    9.24458e+04   -4.56196e+03   -6.32716e+05    2.92725e+03
 Position Rest.      Potential    Kinetic En.   Total Energy  Conserved En.
    5.14853e+02   -5.23588e+05    8.63898e+04   -4.37198e+05   -4.35733e+05
    Temperature Pres. DC (bar) Pressure (bar)   Constr. rmsd
    3.02228e+02   -2.25737e+02   -2.02219e+02    2.55065e-06

           Step           Time
          32500       65.00000

   Energies (kJ/mol)
           Bond          Angle    Proper Dih. Ryckaert-Bell.          LJ-14
    1.49999e+03    3.57690e+03    2.65287e+02    1.85666e+03    2.63620e+03
     Coulomb-14        LJ (SR)  Disper. corr.   Coulomb (SR)   Coul. recip.
    7.77818e+03    9.34596e+04   -4.55935e+03   -6.35156e+05    2.87038e+03
 Position Rest.      Potential    Kinetic En.   Total Energy  Conserved En.
    5.06222e+02   -5.25266e+05    8.62034e+04   -4.39062e+05   -4.35718e+05
    Temperature Pres. DC (bar) Pressure (bar)   Constr. rmsd
    3.01576e+02   -2.25478e+02   -1.86516e+02    3.13568e-06

           Step           Time
          33000       66.00000

   Energies (kJ/mol)
           Bond          Angle    Proper Dih. Ryckaert-Bell.          LJ-14
    1.35807e+03    3.76184e+03    2.41525e+02    1.84509e+03    2.71331e+03
     Coulomb-14        LJ (SR)  Disper. corr.   Coulomb (SR)   Coul. recip.
    7.79921e+03    9.37169e+04   -4.55563e+03   -6.36155e+05    2.92149e+03
 Position Rest.      Potential    Kinetic En.   Total Energy  Conserved En.
    5.41119e+02   -5.25812e+05    8.56390e+04   -4.40173e+05   -4.35723e+05
    Temperature Pres. DC (bar) Pressure (bar)   Constr. rmsd
    2.99602e+02   -2.25112e+02    3.57713e+01    2.88872e-06

           Step           Time
          33500       67.00000

   Energies (kJ/mol)
           Bond          Angle    Proper Dih. Ryckaert-Bell.          LJ-14
    1.45904e+03    3.68594e+03    2.46678e+02    1.90200e+03    2.66589e+03
     Coulomb-14        LJ (SR)  Disper. corr.   Coulomb (SR)   Coul. recip.
    7.76256e+03    9.45356e+04   -4.56017e+03   -6.36975e+05    2.96256e+03
 Position Rest.      Potential    Kinetic En.   Total Energy  Conserved En.
    4.97605e+02   -5.25817e+05    8.60415e+04   -4.39776e+05   -4.35736e+05
    Temperature Pres. DC (bar) Pressure (bar)   Constr. rmsd
    3.01010e+02   -2.25560e+02    7.38574e+01    2.95686e-06

           Step           Time
          34000       68.00000

   Energies (kJ/mol)
           Bond          Angle    Proper Dih. Ryckaert-Bell.          LJ-14
    1.27068e+03    3.81586e+03    2.74078e+02    1.83033e+03    2.71119e+03
     Coulomb-14        LJ (SR)  Disper. corr.   Coulomb (SR)   Coul. recip.
    7.76092e+03    9.37425e+04   -4.56573e+03   -6.35022e+05    2.95324e+03
 Position Rest.      Potential    Kinetic En.   Total Energy  Conserved En.
    5.49858e+02   -5.24679e+05    8.58823e+04   -4.38796e+05   -4.35735e+05
    Temperature Pres. DC (bar) Pressure (bar)   Constr. rmsd
    3.00453e+02   -2.26109e+02    5.79195e+01    2.89300e-06

           Step           Time
          34500       69.00000

   Energies (kJ/mol)
           Bond          Angle    Proper Dih. Ryckaert-Bell.          LJ-14
    1.43004e+03    3.77745e+03    2.65857e+02    1.83481e+03    2.68732e+03
     Coulomb-14        LJ (SR)  Disper. corr.   Coulomb (SR)   Coul. recip.
    7.79982e+03    9.26396e+04   -4.55908e+03   -6.33364e+05    2.95646e+03
 Position Rest.      Potential    Kinetic En.   Total Energy  Conserved En.
    5.60589e+02   -5.23971e+05    8.47381e+04   -4.39233e+05   -4.35727e+05
    Temperature Pres. DC (bar) Pressure (bar)   Constr. rmsd
    2.96450e+02   -2.25452e+02   -2.35391e+02    2.74277e-06

           Step           Time
          35000       70.00000

   Energies (kJ/mol)
           Bond          Angle    Proper Dih. Ryckaert-Bell.          LJ-14
    1.46961e+03    3.71831e+03    2.50770e+02    1.87326e+03    2.66335e+03
     Coulomb-14        LJ (SR)  Disper. corr.   Coulomb (SR)   Coul. recip.
    7.77279e+03    9.32340e+04   -4.57150e+03   -6.34512e+05    2.95745e+03
 Position Rest.      Potential    Kinetic En.   Total Energy  Conserved En.
    5.08402e+02   -5.24636e+05    8.55493e+04   -4.39087e+05   -4.35722e+05
    Temperature Pres. DC (bar) Pressure (bar)   Constr. rmsd
    2.99288e+02   -2.26680e+02   -4.14265e+01    2.93167e-06

           Step           Time
          35500       71.00000

   Energies (kJ/mol)
           Bond          Angle    Proper Dih. Ryckaert-Bell.          LJ-14
    1.42920e+03    3.74306e+03    2.36798e+02    1.84523e+03    2.65169e+03
     Coulomb-14        LJ (SR)  Disper. corr.   Coulomb (SR)   Coul. recip.
    7.71877e+03    9.48009e+04   -4.57480e+03   -6.35247e+05    2.93351e+03
 Position Rest.      Potential    Kinetic En.   Total Energy  Conserved En.
    4.65330e+02   -5.23997e+05    8.64275e+04   -4.37569e+05   -4.35737e+05
    Temperature Pres. DC (bar) Pressure (bar)   Constr. rmsd
    3.02360e+02   -2.27008e+02    3.37667e+02    2.94816e-06

           Step           Time
          36000       72.00000

   Energies (kJ/mol)
           Bond          Angle    Proper Dih. Ryckaert-Bell.          LJ-14
    1.44032e+03    3.81886e+03    2.39476e+02    1.89012e+03    2.71716e+03
     Coulomb-14        LJ (SR)  Disper. corr.   Coulomb (SR)   Coul. recip.
    7.83897e+03    9.34012e+04   -4.56076e+03   -6.34301e+05    2.85086e+03
 Position Rest.      Potential    Kinetic En.   Total Energy  Conserved En.
    5.58395e+02   -5.24106e+05    8.59304e+04   -4.38176e+05   -4.35716e+05
    Temperature Pres. DC (bar) Pressure (bar)   Constr. rmsd
    3.00621e+02   -2.25618e+02    1.37398e+02    2.88684e-06

           Step           Time
          36500       73.00000

   Energies (kJ/mol)
           Bond          Angle    Proper Dih. Ryckaert-Bell.          LJ-14
    1.44475e+03    3.74064e+03    2.61645e+02    1.84755e+03    2.68306e+03
     Coulomb-14        LJ (SR)  Disper. corr.   Coulomb (SR)   Coul. recip.
    7.69387e+03    9.41244e+04   -4.56454e+03   -6.34909e+05    2.90124e+03
 Position Rest.      Potential    Kinetic En.   Total Energy  Conserved En.
    5.27163e+02   -5.24249e+05    8.49259e+04   -4.39323e+05   -4.35709e+05
    Temperature Pres. DC (bar) Pressure (bar)   Constr. rmsd
    2.97107e+02   -2.25992e+02    9.56934e+01    3.03724e-06

           Step           Time
          37000       74.00000

   Energies (kJ/mol)
           Bond          Angle    Proper Dih. Ryckaert-Bell.          LJ-14
    1.37826e+03    3.76444e+03    2.36545e+02    1.87670e+03    2.66931e+03
     Coulomb-14        LJ (SR)  Disper. corr.   Coulomb (SR)   Coul. recip.
    7.79534e+03    9.36671e+04   -4.57796e+03   -6.33902e+05    2.88969e+03
 Position Rest.      Potential    Kinetic En.   Total Energy  Conserved En.
    4.79003e+02   -5.23724e+05    8.53276e+04   -4.38396e+05   -4.35708e+05
    Temperature Pres. DC (bar) Pressure (bar)   Constr. rmsd
    2.98512e+02   -2.27321e+02    1.58332e+02    2.75163e-06

           Step           Time
          37500       75.00000

   Energies (kJ/mol)
           Bond          Angle    Proper Dih. Ryckaert-Bell.          LJ-14
    1.48914e+03    3.68123e+03    2.43254e+02    1.79718e+03    2.68180e+03
     Coulomb-14        LJ (SR)  Disper. corr.   Coulomb (SR)   Coul. recip.
    7.82577e+03    9.27028e+04   -4.55945e+03   -6.33857e+05    2.86972e+03
 Position Rest.      Potential    Kinetic En.   Total Energy  Conserved En.
    4.65410e+02   -5.24661e+05    8.59472e+04   -4.38713e+05   -4.35722e+05
    Temperature Pres. DC (bar) Pressure (bar)   Constr. rmsd
    3.00680e+02   -2.25489e+02   -1.25228e+02    3.10828e-06

           Step           Time
          38000       76.00000

   Energies (kJ/mol)
           Bond          Angle    Proper Dih. Ryckaert-Bell.          LJ-14
    1.35772e+03    3.79891e+03    2.60480e+02    1.83019e+03    2.59891e+03
     Coulomb-14        LJ (SR)  Disper. corr.   Coulomb (SR)   Coul. recip.
    7.73531e+03    9.51265e+04   -4.55084e+03   -6.37001e+05    2.78549e+03
 Position Rest.      Potential    Kinetic En.   Total Energy  Conserved En.
    4.82955e+02   -5.25576e+05    8.56665e+04   -4.39909e+05   -4.35724e+05
    Temperature Pres. DC (bar) Pressure (bar)   Constr. rmsd
    2.99698e+02   -2.24639e+02    1.51462e+02    2.75905e-06

           Step           Time
          38500       77.00000

   Energies (kJ/mol)
           Bond          Angle    Proper Dih. Ryckaert-Bell.          LJ-14
    1.45798e+03    3.70503e+03    2.52378e+02    1.92907e+03    2.64311e+03
     Coulomb-14        LJ (SR)  Disper. corr.   Coulomb (SR)   Coul. recip.
    7.80165e+03    9.42121e+04   -4.56559e+03   -6.35407e+05    2.94167e+03
 Position Rest.      Potential    Kinetic En.   Total Energy  Conserved En.
    5.03489e+02   -5.24526e+05    8.53458e+04   -4.39181e+05   -4.35705e+05
    Temperature Pres. DC (bar) Pressure (bar)   Constr. rmsd
    2.98576e+02   -2.26095e+02    8.67437e+01    3.06412e-06

           Step           Time
          39000       78.00000

   Energies (kJ/mol)
           Bond          Angle    Proper Dih. Ryckaert-Bell.          LJ-14
    1.53648e+03    3.93944e+03    2.63767e+02    1.81520e+03    2.62763e+03
     Coulomb-14        LJ (SR)  Disper. corr.   Coulomb (SR)   Coul. recip.
    7.75242e+03    9.51510e+04   -4.56710e+03   -6.35854e+05    2.96927e+03
 Position Rest.      Potential    Kinetic En.   Total Energy  Conserved En.
    4.57479e+02   -5.23908e+05    8.50854e+04   -4.38823e+05   -4.35675e+05
    Temperature Pres. DC (bar) Pressure (bar)   Constr. rmsd
    2.97665e+02   -2.26245e+02    2.05490e+02    2.66625e-06

           Step           Time
          39500       79.00000

   Energies (kJ/mol)
           Bond          Angle    Proper Dih. Ryckaert-Bell.          LJ-14
    1.38961e+03    3.95201e+03    2.96280e+02    1.76902e+03    2.72940e+03
     Coulomb-14        LJ (SR)  Disper. corr.   Coulomb (SR)   Coul. recip.
    7.82001e+03    9.42190e+04   -4.56246e+03   -6.34784e+05    2.96962e+03
 Position Rest.      Potential    Kinetic En.   Total Energy  Conserved En.
    4.54628e+02   -5.23747e+05    8.60937e+04   -4.37653e+05   -4.35714e+05
    Temperature Pres. DC (bar) Pressure (bar)   Constr. rmsd
    3.01192e+02   -2.25786e+02    2.03156e+02    2.80266e-06

           Step           Time
          40000       80.00000

   Energies (kJ/mol)
           Bond          Angle    Proper Dih. Ryckaert-Bell.          LJ-14
    1.35936e+03    3.67359e+03    2.03475e+02    1.84676e+03    2.68682e+03
     Coulomb-14        LJ (SR)  Disper. corr.   Coulomb (SR)   Coul. recip.
    7.78426e+03    9.27143e+04   -4.55244e+03   -6.33588e+05    2.94031e+03
 Position Rest.      Potential    Kinetic En.   Total Energy  Conserved En.
    4.87915e+02   -5.24444e+05    8.50166e+04   -4.39427e+05   -4.35709e+05
    Temperature Pres. DC (bar) Pressure (bar)   Constr. rmsd
    2.97424e+02   -2.24797e+02   -1.45770e+02    2.73966e-06

           Step           Time
          40500       81.00000

   Energies (kJ/mol)
           Bond          Angle    Proper Dih. Ryckaert-Bell.          LJ-14
    1.49447e+03    3.94430e+03    2.31458e+02    1.81681e+03    2.61091e+03
     Coulomb-14        LJ (SR)  Disper. corr.   Coulomb (SR)   Coul. recip.
    7.79875e+03    9.48033e+04   -4.59380e+03   -6.35194e+05    2.97044e+03
 Position Rest.      Potential    Kinetic En.   Total Energy  Conserved En.
    5.08591e+02   -5.23608e+05    8.50358e+04   -4.38572e+05   -4.35675e+05
    Temperature Pres. DC (bar) Pressure (bar)   Constr. rmsd
    2.97491e+02   -2.28895e+02    2.36218e+02    2.64316e-06

           Step           Time
          41000       82.00000

   Energies (kJ/mol)
           Bond          Angle    Proper Dih. Ryckaert-Bell.          LJ-14
    1.44475e+03    3.89294e+03    2.55122e+02    1.86107e+03    2.62721e+03
     Coulomb-14        LJ (SR)  Disper. corr.   Coulomb (SR)   Coul. recip.
    7.72883e+03    9.45313e+04   -4.57741e+03   -6.34662e+05    2.96517e+03
 Position Rest.      Potential    Kinetic En.   Total Energy  Conserved En.
    4.95639e+02   -5.23437e+05    8.60127e+04   -4.37424e+05   -4.35692e+05
    Temperature Pres. DC (bar) Pressure (bar)   Constr. rmsd
    3.00909e+02   -2.27267e+02    2.79126e+02    2.86029e-06

           Step           Time
          41500       83.00000

   Energies (kJ/mol)
           Bond          Angle    Proper Dih. Ryckaert-Bell.          LJ-14
    1.41628e+03    3.74749e+03    2.34714e+02    1.87617e+03    2.72965e+03
     Coulomb-14        LJ (SR)  Disper. corr.   Coulomb (SR)   Coul. recip.
    7.85670e+03    9.35526e+04   -4.54951e+03   -6.33870e+05    3.02778e+03
 Position Rest.      Potential    Kinetic En.   Total Energy  Conserved En.
    5.09877e+02   -5.23468e+05    8.56769e+04   -4.37791e+05   -4.35705e+05
    Temperature Pres. DC (bar) Pressure (bar)   Constr. rmsd
    2.99734e+02   -2.24507e+02    4.42376e+01    2.80341e-06

           Step           Time
          42000       84.00000

   Energies (kJ/mol)
           Bond          Angle    Proper Dih. Ryckaert-Bell.          LJ-14
    1.34747e+03    3.77250e+03    2.40738e+02    1.88062e+03    2.65946e+03
     Coulomb-14        LJ (SR)  Disper. corr.   Coulomb (SR)   Coul. recip.
    7.89508e+03    9.26961e+04   -4.55052e+03   -6.33670e+05    2.99638e+03
 Position Rest.      Potential    Kinetic En.   Total Energy  Conserved En.
    5.16334e+02   -5.24216e+05    8.52769e+04   -4.38939e+05   -4.35709e+05
    Temperature Pres. DC (bar) Pressure (bar)   Constr. rmsd
    2.98335e+02   -2.24607e+02   -1.17545e+02    3.15856e-06

           Step           Time
          42500       85.00000

   Energies (kJ/mol)
           Bond          Angle    Proper Dih. Ryckaert-Bell.          LJ-14
    1.46458e+03    3.76203e+03    2.21341e+02    1.80912e+03    2.65199e+03
     Coulomb-14        LJ (SR)  Disper. corr.   Coulomb (SR)   Coul. recip.
    7.72655e+03    9.38801e+04   -4.57037e+03   -6.35505e+05    3.00359e+03
 Position Rest.      Potential    Kinetic En.   Total Energy  Conserved En.
    4.38175e+02   -5.25118e+05    8.56862e+04   -4.39432e+05   -4.35698e+05
    Temperature Pres. DC (bar) Pressure (bar)   Constr. rmsd
    2.99767e+02   -2.26569e+02   -6.41639e+01    2.90566e-06

           Step           Time
          43000       86.00000

   Energies (kJ/mol)
           Bond          Angle    Proper Dih. Ryckaert-Bell.          LJ-14
    1.49425e+03    3.77784e+03    2.60873e+02    1.81333e+03    2.66196e+03
     Coulomb-14        LJ (SR)  Disper. corr.   Coulomb (SR)   Coul. recip.
    7.69802e+03    9.35915e+04   -4.57439e+03   -6.35743e+05    2.93736e+03
 Position Rest.      Potential    Kinetic En.   Total Energy  Conserved En.
    5.10667e+02   -5.25572e+05    8.57905e+04   -4.39781e+05   -4.35695e+05
    Temperature Pres. DC (bar) Pressure (bar)   Constr. rmsd
    3.00132e+02   -2.26967e+02   -1.44549e+02    2.95137e-06

           Step           Time
          43500       87.00000

   Energies (kJ/mol)
           Bond          Angle    Proper Dih. Ryckaert-Bell.          LJ-14
    1.52921e+03    3.80772e+03    2.78279e+02    1.80174e+03    2.76949e+03
     Coulomb-14        LJ (SR)  Disper. corr.   Coulomb (SR)   Coul. recip.
    7.89480e+03    9.27495e+04   -4.56454e+03   -6.33999e+05    3.01617e+03
 Position Rest.      Potential    Kinetic En.   Total Energy  Conserved En.
    5.12454e+02   -5.24204e+05    8.54074e+04   -4.38797e+05   -4.35692e+05
    Temperature Pres. DC (bar) Pressure (bar)   Constr. rmsd
    2.98792e+02   -2.25992e+02   -1.35393e+02    2.75985e-06

           Step           Time
          44000       88.00000

   Energies (kJ/mol)
           Bond          Angle    Proper Dih. Ryckaert-Bell.          LJ-14
    1.57048e+03    3.66381e+03    2.25937e+02    1.84369e+03    2.72664e+03
     Coulomb-14        LJ (SR)  Disper. corr.   Coulomb (SR)   Coul. recip.
    7.81407e+03    9.34555e+04   -4.56278e+03   -6.34999e+05    2.85004e+03
 Position Rest.      Potential    Kinetic En.   Total Energy  Conserved En.
    5.06099e+02   -5.24906e+05    8.58291e+04   -4.39076e+05   -4.35669e+05
    Temperature Pres. DC (bar) Pressure (bar)   Constr. rmsd
    3.00267e+02   -2.25818e+02   -2.22708e+01    2.71738e-06

           Step           Time
          44500       89.00000

   Energies (kJ/mol)
           Bond          Angle    Proper Dih. Ryckaert-Bell.          LJ-14
    1.55192e+03    3.71004e+03    2.58400e+02    1.81861e+03    2.66742e+03
     Coulomb-14        LJ (SR)  Disper. corr.   Coulomb (SR)   Coul. recip.
    7.84002e+03    9.44491e+04   -4.56653e+03   -6.35845e+05    2.93171e+03
 Position Rest.      Potential    Kinetic En.   Total Energy  Conserved En.
    4.99401e+02   -5.24685e+05    8.54461e+04   -4.39238e+05   -4.35671e+05
    Temperature Pres. DC (bar) Pressure (bar)   Constr. rmsd
    2.98927e+02   -2.26188e+02   -1.38638e+01    2.72021e-06

Writing checkpoint, step 44700 at Thu Nov 22 10:01:22 2018


           Step           Time
          45000       90.00000

   Energies (kJ/mol)
           Bond          Angle    Proper Dih. Ryckaert-Bell.          LJ-14
    1.44394e+03    3.83115e+03    2.43283e+02    1.88909e+03    2.70156e+03
     Coulomb-14        LJ (SR)  Disper. corr.   Coulomb (SR)   Coul. recip.
    7.86589e+03    9.26148e+04   -4.55436e+03   -6.33134e+05    2.79175e+03
 Position Rest.      Potential    Kinetic En.   Total Energy  Conserved En.
    4.86837e+02   -5.23820e+05    8.61509e+04   -4.37669e+05   -4.35669e+05
    Temperature Pres. DC (bar) Pressure (bar)   Constr. rmsd
    3.01393e+02   -2.24986e+02   -2.28169e+02    2.92586e-06

           Step           Time
          45500       91.00000

   Energies (kJ/mol)
           Bond          Angle    Proper Dih. Ryckaert-Bell.          LJ-14
    1.55939e+03    3.85876e+03    2.82932e+02    1.79255e+03    2.61241e+03
     Coulomb-14        LJ (SR)  Disper. corr.   Coulomb (SR)   Coul. recip.
    7.77084e+03    9.50195e+04   -4.56279e+03   -6.35704e+05    2.98765e+03
 Position Rest.      Potential    Kinetic En.   Total Energy  Conserved En.
    4.82373e+02   -5.23901e+05    8.56763e+04   -4.38224e+05   -4.35676e+05
    Temperature Pres. DC (bar) Pressure (bar)   Constr. rmsd
    2.99732e+02   -2.25819e+02    8.45394e+01    3.09407e-06

           Step           Time
          46000       92.00000

   Energies (kJ/mol)
           Bond          Angle    Proper Dih. Ryckaert-Bell.          LJ-14
    1.56986e+03    3.67382e+03    2.49973e+02    1.81825e+03    2.66152e+03
     Coulomb-14        LJ (SR)  Disper. corr.   Coulomb (SR)   Coul. recip.
    7.70782e+03    9.33617e+04   -4.55140e+03   -6.34803e+05    2.95059e+03
 Position Rest.      Potential    Kinetic En.   Total Energy  Conserved En.
    5.42847e+02   -5.24818e+05    8.62996e+04   -4.38519e+05   -4.35706e+05
    Temperature Pres. DC (bar) Pressure (bar)   Constr. rmsd
    3.01913e+02   -2.24694e+02   -2.52944e+02    2.95105e-06

           Step           Time
          46500       93.00000

   Energies (kJ/mol)
           Bond          Angle    Proper Dih. Ryckaert-Bell.          LJ-14
    1.46391e+03    3.69014e+03    2.67477e+02    1.80765e+03    2.66483e+03
     Coulomb-14        LJ (SR)  Disper. corr.   Coulomb (SR)   Coul. recip.
    7.78814e+03    9.33071e+04   -4.55205e+03   -6.34638e+05    2.79731e+03
 Position Rest.      Potential    Kinetic En.   Total Energy  Conserved En.
    5.25753e+02   -5.24878e+05    8.58713e+04   -4.39006e+05   -4.35684e+05
    Temperature Pres. DC (bar) Pressure (bar)   Constr. rmsd
    3.00414e+02   -2.24758e+02   -1.46394e+02    2.94029e-06

           Step           Time
          47000       94.00000

   Energies (kJ/mol)
           Bond          Angle    Proper Dih. Ryckaert-Bell.          LJ-14
    1.49517e+03    3.87141e+03    2.53220e+02    1.90772e+03    2.65551e+03
     Coulomb-14        LJ (SR)  Disper. corr.   Coulomb (SR)   Coul. recip.
    7.75589e+03    9.32592e+04   -4.57182e+03   -6.33705e+05    2.97470e+03
 Position Rest.      Potential    Kinetic En.   Total Energy  Conserved En.
    5.66522e+02   -5.23538e+05    8.52097e+04   -4.38328e+05   -4.35672e+05
    Temperature Pres. DC (bar) Pressure (bar)   Constr. rmsd
    2.98100e+02   -2.26713e+02   -1.31958e+01    2.71254e-06

           Step           Time
          47500       95.00000

   Energies (kJ/mol)
           Bond          Angle    Proper Dih. Ryckaert-Bell.          LJ-14
    1.47694e+03    3.73863e+03    2.19849e+02    1.81657e+03    2.74276e+03
     Coulomb-14        LJ (SR)  Disper. corr.   Coulomb (SR)   Coul. recip.
    7.85180e+03    9.42712e+04   -4.57150e+03   -6.36562e+05    2.97165e+03
 Position Rest.      Potential    Kinetic En.   Total Energy  Conserved En.
    5.47873e+02   -5.25496e+05    8.59691e+04   -4.39527e+05   -4.35683e+05
    Temperature Pres. DC (bar) Pressure (bar)   Constr. rmsd
    3.00757e+02   -2.26681e+02    2.26535e+01    2.87239e-06

           Step           Time
          48000       96.00000

   Energies (kJ/mol)
           Bond          Angle    Proper Dih. Ryckaert-Bell.          LJ-14
    1.41939e+03    3.73242e+03    2.69030e+02    1.90359e+03    2.72277e+03
     Coulomb-14        LJ (SR)  Disper. corr.   Coulomb (SR)   Coul. recip.
    7.71435e+03    9.12104e+04   -4.55167e+03   -6.32007e+05    2.91628e+03
 Position Rest.      Potential    Kinetic En.   Total Energy  Conserved En.
    5.09030e+02   -5.24162e+05    8.73116e+04   -4.36850e+05   -4.35715e+05
    Temperature Pres. DC (bar) Pressure (bar)   Constr. rmsd
    3.05453e+02   -2.24721e+02   -1.49221e+02    3.19904e-06

           Step           Time
          48500       97.00000

   Energies (kJ/mol)
           Bond          Angle    Proper Dih. Ryckaert-Bell.          LJ-14
    1.46003e+03    3.78539e+03    2.75574e+02    1.80838e+03    2.73117e+03
     Coulomb-14        LJ (SR)  Disper. corr.   Coulomb (SR)   Coul. recip.
    7.72528e+03    9.26706e+04   -4.58482e+03   -6.33980e+05    2.96841e+03
 Position Rest.      Potential    Kinetic En.   Total Energy  Conserved En.
    5.62227e+02   -5.24578e+05    8.54967e+04   -4.39081e+05   -4.35680e+05
    Temperature Pres. DC (bar) Pressure (bar)   Constr. rmsd
    2.99104e+02   -2.28002e+02    5.96444e+01    2.56506e-06

           Step           Time
          49000       98.00000

   Energies (kJ/mol)
           Bond          Angle    Proper Dih. Ryckaert-Bell.          LJ-14
    1.51846e+03    3.72069e+03    2.30202e+02    1.77045e+03    2.64439e+03
     Coulomb-14        LJ (SR)  Disper. corr.   Coulomb (SR)   Coul. recip.
    7.81599e+03    9.35062e+04   -4.57874e+03   -6.34572e+05    2.92792e+03
 Position Rest.      Potential    Kinetic En.   Total Energy  Conserved En.
    5.04900e+02   -5.24512e+05    8.48796e+04   -4.39632e+05   -4.35682e+05
    Temperature Pres. DC (bar) Pressure (bar)   Constr. rmsd
    2.96945e+02   -2.27399e+02   -5.54337e+01    2.74169e-06

           Step           Time
          49500       99.00000

   Energies (kJ/mol)
           Bond          Angle    Proper Dih. Ryckaert-Bell.          LJ-14
    1.36235e+03    3.68102e+03    2.43556e+02    1.83377e+03    2.72793e+03
     Coulomb-14        LJ (SR)  Disper. corr.   Coulomb (SR)   Coul. recip.
    7.82326e+03    9.37179e+04   -4.54024e+03   -6.34459e+05    2.92130e+03
 Position Rest.      Potential    Kinetic En.   Total Energy  Conserved En.
    5.29035e+02   -5.24159e+05    8.57171e+04   -4.38442e+05   -4.35699e+05
    Temperature Pres. DC (bar) Pressure (bar)   Constr. rmsd
    2.99875e+02   -2.23595e+02    1.13715e+02    2.92883e-06

           Step           Time
          50000      100.00000

Writing checkpoint, step 50000 at Thu Nov 22 10:07:47 2018


   Energies (kJ/mol)
           Bond          Angle    Proper Dih. Ryckaert-Bell.          LJ-14
    1.53735e+03    3.53295e+03    2.50694e+02    1.73025e+03    2.72295e+03
     Coulomb-14        LJ (SR)  Disper. corr.   Coulomb (SR)   Coul. recip.
    7.79474e+03    9.44096e+04   -4.56886e+03   -6.37095e+05    2.93364e+03
 Position Rest.      Potential    Kinetic En.   Total Energy  Conserved En.
    5.25342e+02   -5.26227e+05    8.51458e+04   -4.41081e+05   -4.35677e+05
    Temperature Pres. DC (bar) Pressure (bar)   Constr. rmsd
    2.97876e+02   -2.26419e+02    1.19229e+01    2.72302e-06

	<======  ###############  ==>
	<====  A V E R A G E S  ====>
	<==  ###############  ======>

	Statistics over 50001 steps using 501 frames

   Energies (kJ/mol)
           Bond          Angle    Proper Dih. Ryckaert-Bell.          LJ-14
    1.45838e+03    3.74313e+03    2.48012e+02    1.84668e+03    2.68994e+03
     Coulomb-14        LJ (SR)  Disper. corr.   Coulomb (SR)   Coul. recip.
    7.77673e+03    9.35663e+04   -4.56111e+03   -6.34511e+05    2.94424e+03
 Position Rest.      Potential    Kinetic En.   Total Energy  Conserved En.
    4.93362e+02   -5.24305e+05    8.57733e+04   -4.38532e+05   -4.35748e+05
    Temperature Pres. DC (bar) Pressure (bar)   Constr. rmsd
    3.00071e+02   -2.25655e+02    5.32914e+00    0.00000e+00

          Box-X          Box-Y          Box-Z
    6.95236e+00    6.95236e+00    6.95236e+00

   Total Virial (kJ/mol)
    2.84440e+04    1.92925e+01   -2.25588e+02
    1.97292e+01    2.84877e+04    3.22160e+02
   -2.26359e+02    3.21168e+02    2.86849e+04

   Pressure (bar)
    1.52213e+01   -2.52477e+00    2.37613e+01
   -2.56783e+00    1.13136e+01   -3.30888e+01
    2.38375e+01   -3.29907e+01   -1.05474e+01

      T-Protein  T-non-Protein
    3.00360e+02    3.00049e+02


	M E G A - F L O P S   A C C O U N T I N G

 NB=Group-cutoff nonbonded kernels    NxN=N-by-N cluster Verlet kernels
 RF=Reaction-Field  VdW=Van der Waals  QSTab=quadratic-spline table
 W3=SPC/TIP3p  W4=TIP4p (single or pairs)
 V&F=Potential and force  V=Potential only  F=Force only

 Computing:                               M-Number         M-Flops  % Flops
-----------------------------------------------------------------------------
 Pair Search distance check           11613.820032      104524.380     0.3
 NxN QSTab Elec. + LJ [F]            451360.375192    18505775.383    52.7
 NxN QSTab Elec. + LJ [V&F]            4568.044232      269514.610     0.8
 NxN QSTab Elec. [F]                 399865.986216    13595443.531    38.7
 NxN QSTab Elec. [V&F]                 4047.016248      165927.666     0.5
 1,4 nonbonded interactions             255.305106       22977.460     0.1
 Calc Weights                          5081.501628      182934.059     0.5
 Spread Q Bspline                    108405.368064      216810.736     0.6
 Gather F Bspline                    108405.368064      650432.208     1.9
 3D-FFT                              139519.590336     1116156.723     3.2
 Solve PME                               96.801936        6195.324     0.0
 Shift-X                                 33.909876         203.459     0.0
 Bonds                                   51.251025        3023.810     0.0
 Angles                                 177.353547       29795.396     0.1
 Propers                                 21.300426        4877.798     0.0
 RB-Dihedrals                           197.503950       48783.476     0.1
 Pos. Restr.                             50.051001        2502.550     0.0
 Virial                                 169.638921        3053.501     0.0
 Stop-CM                                 16.971876         169.719     0.0
 Calc-Ekin                              338.827752        9148.349     0.0
 Lincs                                   47.950959        2877.058     0.0
 Lincs-Mat                              238.804776         955.219     0.0
 Constraint-V                          1691.333826       13530.671     0.0
 Constraint-Vir                         164.367867        3944.829     0.0
 Settle                                 531.810636      171774.835     0.5
-----------------------------------------------------------------------------
 Total                                                35131332.749   100.0
-----------------------------------------------------------------------------


     R E A L   C Y C L E   A N D   T I M E   A C C O U N T I N G

On 1 MPI rank, each using 4 OpenMP threads

 Computing:          Num   Num      Call    Wall time         Giga-Cycles
                     Ranks Threads  Count      (s)         total sum    %
-----------------------------------------------------------------------------
 Neighbor search        1    4       1001      55.504        553.777   1.8
 Force                  1    4      50001    2374.605      23692.073  76.8
 PME mesh               1    4      50001     478.440       4773.525  15.5
 NB X/F buffer ops.     1    4      99001      72.951        727.847   2.4
 Write traj.            1    4        104       6.272         62.574   0.2
 Update                 1    4      50001      43.359        432.609   1.4
 Constraints            1    4      50001      47.109        470.016   1.5
 Rest                                          12.378        123.499   0.4
-----------------------------------------------------------------------------
 Total                                       3090.617      30835.921 100.0
-----------------------------------------------------------------------------
 Breakdown of PME mesh computation
-----------------------------------------------------------------------------
 PME spread             1    4      50001     163.706       1633.336   5.3
 PME gather             1    4      50001     209.281       2088.053   6.8
 PME 3D-FFT             1    4     100002      90.290        900.845   2.9
 PME solve Elec         1    4      50001      11.505        114.785   0.4
-----------------------------------------------------------------------------

               Core t (s)   Wall t (s)        (%)
       Time:    12362.469     3090.617      400.0
                         51:30
                 (ns/day)    (hour/ns)
Performance:        2.796        8.585
Finished mdrun on rank 0 Thu Nov 22 10:07:48 2018
